"../../../../Program Files (x86)/UnrealProjects/Challenge48h-3-B/Challenge/Content/Map/Meshes/ArenaMeteor/ShockWave_Export_Anim_Skeleton.uasset" 0
"../../../Engine/Content/Animation/DefaultAnimCurveCompressionSettings.uasset" 1
"../../../Engine/Content/Animation/DefaultAnimBoneCompressionSettings.uasset" 2
"../../../../Program Files (x86)/UnrealProjects/Challenge48h-3-B/Challenge/Content/Map/Meshes/ArenaMeteor/ShockWave_Export_Anim_Anim.uasset" 3
"../../../../Program Files (x86)/UnrealProjects/Challenge48h-3-B/Challenge/Content/Map/Meshes/ArenaMeteor/Meteor_Export_Anim_Skeleton.uasset" 4
"../../../../Program Files (x86)/UnrealProjects/Challenge48h-3-B/Challenge/Content/Map/Meshes/ArenaMeteor/Meteor_Export_Anim_Anim.uasset" 5
"../../../../Program Files (x86)/UnrealProjects/Challenge48h-3-B/Challenge/Content/Map/Animation.uasset" 6
"../../../Engine/Content/EngineMaterials/T_Default_Material_Grid_N.uasset" 7
"../../../Engine/Content/EngineMaterials/T_Default_Material_Grid_M.uasset" 8
"../../../Engine/Content/Functions/Engine_MaterialFunctions01/Opacity/CameraDepthFade.uasset" 9
"../../../Engine/Content/EngineMaterials/WorldGridMaterial.uasset" 10
"../../../Engine/Content/ArtTools/RenderToTexture/Meshes/S_1_Unit_Plane.uasset" 11
"../../../Engine/Content/EngineMaterials/DefaultMaterial.uasset" 12
"../../../Engine/Content/BasicShapes/Cone.uasset" 13
"../../../Engine/Content/BasicShapes/Cube.uasset" 14
"../../../Engine/Content/EditorLandscapeResources/DataLayer.uasset" 15
"../../../Engine/Content/EditorLandscapeResources/DefaultAlphaTexture.uasset" 16
"../../../Engine/Content/EditorMaterials/MAT_Groups_Toggle.uasset" 17
"../../../Engine/Content/EditorMaterials/MAT_Groups_Visibility.uasset" 18
"../../../Engine/Content/EditorMaterials/PreviewShadowIndicator.uasset" 19
"../../../Engine/Content/EditorMaterials/PreviewShadowIndicatorMaterial.uasset" 20
"../../../Engine/Content/EditorMaterials/MatineeGroups/MAT_ColorTrack.uasset" 21
"../../../Engine/Content/EditorMaterials/MatineeGroups/MAT_Groups_Anim.uasset" 22
"../../../Engine/Content/EditorMaterials/MatineeGroups/MAT_Groups_AudioMaster.uasset" 23
"../../../Engine/Content/EditorMaterials/MatineeGroups/MAT_Groups_Director.uasset" 24
"../../../Engine/Content/EditorMaterials/MatineeGroups/MAT_Groups_Event.uasset" 25
"../../../Engine/Content/EditorMaterials/MatineeGroups/MAT_Groups_Fade.uasset" 26
"../../../Engine/Content/EditorMaterials/MatineeGroups/MAT_Groups_Float.uasset" 27
"../../../Engine/Content/EditorMaterials/MatineeGroups/MAT_Groups_Move.uasset" 28
"../../../Engine/Content/EditorMaterials/MatineeGroups/MAT_Groups_Slomo.uasset" 29
"../../../Engine/Content/EditorMaterials/MatineeGroups/MAT_Groups_Sound.uasset" 30
"../../../Engine/Content/EditorMaterials/MatineeGroups/MAT_Groups_Vector.uasset" 31
"../../../Engine/Content/EditorMaterials/ParticleSystems/PSysThumbnail_NoImage.uasset" 32
"../../../Engine/Content/EditorMaterials/ParticleSystems/PSysThumbnail_OOD.uasset" 33
"../../../Engine/Content/EditorMaterials/Camera/CineMat.uasset" 34
"../../../Engine/Content/EditorMaterials/Camera/MI_CineMat_Rig.uasset" 35
"../../../Engine/Content/EditorMeshes/Camera/SM_CraneRig_Arm.uasset" 36
"../../../Engine/Content/EditorMeshes/Camera/SM_CraneRig_Base.uasset" 37
"../../../Engine/Content/EditorMeshes/Camera/SM_CraneRig_Body.uasset" 38
"../../../Engine/Content/EditorMeshes/Camera/SM_CraneRig_Mount.uasset" 39
"../../../Engine/Content/EditorMeshes/Camera/SM_RailRig_Mount.uasset" 40
"../../../Engine/Content/EditorMeshes/Camera/SM_RailRig_Track.uasset" 41
"../../../Engine/Content/EditorResources/BSPVertex.uasset" 42
"../../../Engine/Content/EditorResources/EmptyActor.uasset" 43
"../../../Engine/Content/EditorResources/S_Actor.uasset" 44
"../../../Engine/Content/EditorResources/S_Note.uasset" 45
"../../../Engine/Content/EditorResources/S_Solver.uasset" 46
"../../../Engine/Content/EditorResources/S_Terrain.uasset" 47
"../../../Engine/Content/EditorResources/S_Trigger.uasset" 48
"../../../Engine/Content/EditorResources/LightIcons/S_LightError.uasset" 49
"../../../Engine/Content/EditorResources/SequenceRecorder/Countdown.uasset" 50
"../../../Engine/Content/EditorResources/SequenceRecorder/RecordingIndicator.uasset" 51
"../../../Engine/Content/EngineDamageTypes/DmgTypeBP_Environmental.uasset" 52
"../../../Engine/Content/EngineDebugMaterials/DebugEditorMaterial.uasset" 53
"../../../Engine/Content/EngineDebugMaterials/DebugMeshMaterial.uasset" 54
"../../../Engine/Content/EngineDebugMaterials/M_SimpleUnlitTranslucent.uasset" 55
"../../../Engine/Content/Functions/Engine_MaterialFunctions02/Utility/CameraDirectionVector.uasset" 56
"../../../Engine/Content/EngineDebugMaterials/VolumeToRender.uasset" 57
"../../../Engine/Content/EngineDebugMaterials/M_VolumeRenderSphereTracePP.uasset" 58
"../../../Engine/Content/Functions/Engine_MaterialFunctions01/Shading/ConvertFromDiffSpec.uasset" 59
"../../../Engine/Content/EngineDebugMaterials/VertexColorMaterial.uasset" 60
"../../../Engine/Content/EngineDebugMaterials/WireframeMaterial.uasset" 61
"../../../Engine/Content/EngineFonts/Faces/RobotoRegular.uasset" 62
"../../../Engine/Content/EngineFonts/Faces/RobotoLight.uasset" 63
"../../../Engine/Content/EngineFonts/Faces/RobotoItalic.uasset" 64
"../../../Engine/Content/EngineFonts/Faces/RobotoBoldItalic.uasset" 65
"../../../Engine/Content/EngineFonts/Faces/RobotoBold.uasset" 66
"../../../Engine/Content/EngineFonts/Faces/DroidSansFallback.uasset" 67
"../../../Engine/Content/EngineFonts/Roboto.uasset" 68
"../../../Engine/Content/EngineMaterials/BaseFlattenNormalMap.uasset" 69
"../../../Engine/Content/EngineMaterials/BaseFlattenGrayscaleMap.uasset" 70
"../../../Engine/Content/EngineMaterials/BaseFlattenEmissiveMap.uasset" 71
"../../../Engine/Content/EngineMaterials/BaseFlattenDiffuseMap.uasset" 72
"../../../Engine/Content/EngineMaterials/BaseFlattenMaterial.uasset" 73
"../../../Engine/Content/EngineMaterials/BlueNoise.uasset" 74
"../../../Engine/Content/EngineMaterials/DefaultBloomKernel.uasset" 75
"../../../Engine/Content/EngineMaterials/DefaultBokeh.uasset" 76
"../../../Engine/Content/EngineMaterials/DefaultDiffuse.uasset" 77
"../../../Engine/Content/EngineMaterials/DefaultDeferredDecalMaterial.uasset" 78
"../../../Engine/Content/EngineMaterials/DefaultLightFunctionMaterial.uasset" 79
"../../../Engine/Content/EngineMaterials/DefaultPhysicalMaterial.uasset" 80
"../../../Engine/Content/Functions/Engine_MaterialFunctions02/Utility/BreakOutFloat2Components.uasset" 81
"../../../Engine/Content/EngineMaterials/DefaultPostProcessMaterial.uasset" 82
"../../../Engine/Content/EngineFonts/RobotoDistanceField.uasset" 83
"../../../Engine/Content/EngineMaterials/DefaultTextMaterialOpaque.uasset" 84
"../../../Engine/Content/EngineMaterials/DefaultWhiteGrid.uasset" 85
"../../../Engine/Content/EngineMaterials/DefaultWhiteGrid_Low.uasset" 86
"../../../Engine/Content/EngineMaterials/EmissiveMeshMaterial.uasset" 87
"../../../Engine/Content/EngineMaterials/GizmoMaterial.uasset" 88
"../../../Engine/Content/EngineMaterials/Good64x64TilingNoiseHighFreq.uasset" 89
"../../../Engine/Content/EngineMaterials/MiniFont.uasset" 90
"../../../Engine/Content/EngineMaterials/InvalidLightmapSettings.uasset" 91
"../../../Engine/Content/EngineMaterials/M_InvalidLightmapSettings.uasset" 92
"../../../Engine/Content/Functions/Engine_MaterialFunctions02/WorldPositionOffset/CameraOffset.uasset" 93
"../../../Engine/Content/EngineMaterials/PhAT_JointLimitMaterial.uasset" 94
"../../../Engine/Content/EngineMaterials/PreintegratedSkinBRDF.uasset" 95
"../../../Engine/Content/EngineMaterials/RemoveSurfaceMaterial.uasset" 96
"../../../Engine/Content/EngineMaterials/WeightMapPlaceholderTexture.uasset" 97
"../../../Engine/Content/EngineResources/WhiteSquareTexture.uasset" 98
"../../../Engine/Content/EngineMaterials/Widget3DPassThrough.uasset" 99
"../../../Engine/Content/EngineMaterials/Widget3DPassThrough_Masked.uasset" 100
"../../../Engine/Content/EngineMaterials/Widget3DPassThrough_Opaque.uasset" 101
"../../../Engine/Content/EngineMaterials/Widget3DPassThrough_Masked_OneSided.uasset" 102
"../../../Engine/Content/EngineMaterials/Widget3DPassThrough_Opaque_OneSided.uasset" 103
"../../../Engine/Content/EngineMaterials/Widget3DPassThrough_Translucent.uasset" 104
"../../../Engine/Content/EngineMaterials/Widget3DPassThrough_Translucent_OneSided.uasset" 105
"../../../Engine/Content/EngineMeshes/Cylinder.uasset" 106
"../../../Engine/Content/EngineMeshes/Sphere.uasset" 107
"../../../Engine/Content/EngineResources/Black.uasset" 108
"../../../Engine/Content/EngineResources/DefaultTextureCube.uasset" 109
"../../../Engine/Content/EngineResources/DefaultVolumeTexture2D.uasset" 110
"../../../Engine/Content/EngineResources/DefaultVolumeTexture.uasset" 111
"../../../Engine/Content/EngineResources/GradientTexture0.uasset" 112
"../../../Engine/Content/EngineSky/VolumetricClouds/T_NoiseShape64.uasset" 113
"../../../Engine/Content/EngineSky/VolumetricClouds/T_VolumeNoiseShape64.uasset" 114
"../../../Engine/Content/EngineSky/VolumetricClouds/T_NoiseErosion.uasset" 115
"../../../Engine/Content/EngineSky/VolumetricClouds/T_VolumeNoiseErosion32.uasset" 116
"../../../Engine/Content/EngineSky/VolumetricClouds/CloudWeatherTexture.uasset" 117
"../../../Engine/Content/EngineSky/VolumetricClouds/CloudGradientTexture.uasset" 118
"../../../Engine/Content/Functions/Engine_MaterialFunctions02/Utility/MakeFloat2.uasset" 119
"../../../Engine/Content/EngineSky/VolumetricClouds/m_SimpleVolumetricCloud.uasset" 120
"../../../Engine/Content/EngineSky/VolumetricClouds/m_SimpleVolumetricCloud_Inst.uasset" 121
"../../../Engine/Content/EngineSounds/Master.uasset" 122
"../../../Engine/Content/Functions/Engine_MaterialFunctions01/Shading/PowerToRoughness.uasset" 123
"../../../Engine/Content/Maps/Templates/Thumbnails/Default.uasset" 124
"../../../Engine/Content/Maps/Templates/Thumbnails/TimeOfDay.uasset" 125
"../../../Engine/Content/Maps/Templates/Thumbnails/VR-Basic.uasset" 126
"../../../Engine/Content/MobileResources/T_MobileControls_texture.uasset" 127
"../../../Engine/Content/MobileResources/T_MobileMenu2.uasset" 128
"../../../Engine/Content/MobileResources/HUD/AnalogHat.uasset" 129
"../../../Engine/Content/MobileResources/HUD/VirtualJoystick_Thumb.uasset" 130
"../../../Engine/Content/MobileResources/HUD/VirtualJoystick_Background.uasset" 131
"../../../Engine/Content/MobileResources/HUD/DefaultVirtualJoysticks.uasset" 132
"../../../Engine/Content/MobileResources/HUD/LeftVirtualJoystickOnly.uasset" 133
"../../../Engine/Content/MobileResources/HUD/MobileHUDButton1_off.uasset" 134
"../../../Engine/Content/MobileResources/HUD/MobileHUDButton1_on.uasset" 135
"../../../Engine/Content/MobileResources/HUD/MobileHUDButton2_off.uasset" 136
"../../../Engine/Content/MobileResources/HUD/MobileHUDButton2_on.uasset" 137
"../../../Engine/Content/MobileResources/HUD/MobileHUDButton3.uasset" 138
"../../../Engine/Content/MobileResources/HUD/MobileHUDButtonFire.uasset" 139
"../../../Engine/Content/MobileResources/HUD/MobileHUDDirectionPad.uasset" 140
"../../../Engine/Content/MobileResources/HUD/MobileHUDDirectionPad2.uasset" 141
"../../../Engine/Content/MobileResources/HUD/MobileHUDDirectionPad3.uasset" 142
"../../../Engine/Content/MobileResources/HUD/MobileHUDDirectionStick.uasset" 143
"../../../Engine/Content/MobileResources/HUD/T_Castle_ThumbstickInner.uasset" 144
"../../../Engine/Content/MobileResources/HUD/T_Castle_ThumbstickOutter.uasset" 145
"../../../Engine/Content/Tutorial/ContentIntroCurve.uasset" 146
"../../../Engine/Content/Tutorial/Basics/LevelEditorAttract.uasset" 147
"../../../Engine/Content/Tutorial/Basics/TutorialAssets/icon_tab_Levels_40x.uasset" 148
"../../../Engine/Content/Tutorial/Basics/LevelEditorOverview.uasset" 149
"../../../Engine/Content/VREditor/TransformGizmo/TranslucentTransformGizmoMaterial.uasset" 150
"../../../Engine/Content/VREditor/LaserPointer/VR_LaserPower_01.uasset" 151
"../../../Engine/Content/VREditor/TransformGizmo/TransformGizmoMaterial.uasset" 152
"../../../Engine/Content/VREditor/TransformGizmo/BoundingBoxCorner.uasset" 153
"../../../Engine/Content/VREditor/TransformGizmo/BoundingBoxEdge.uasset" 154
"../../../Engine/Content/VREditor/TransformGizmo/PlaneTranslationHandle.uasset" 155
"../../../Engine/Content/VREditor/TransformGizmo/Xray.uasset" 156
"../../../Engine/Content/VREditor/TransformGizmo/Main.uasset" 157
"../../../Engine/Content/VREditor/TransformGizmo/SM_Sequencer_Key.uasset" 158
"../../../Engine/Content/VREditor/TransformGizmo/SM_Sequencer_Node.uasset" 159
"../../Plugins/2D/Paper2D/Content/PlaceholderTextures/DummySpriteTexture.uasset" 160
"../../Plugins/2D/Paper2D/Content/DummySprite.uasset" 161
"../../Plugins/2D/Paper2D/Content/DefaultPaperTerrainMaterial.uasset" 162
"../../Plugins/2D/Paper2D/Content/DefaultSpriteMaterial.uasset" 163
"../../Plugins/2D/Paper2D/Content/MaskedUnlitSpriteMaterial.uasset" 164
"../../Plugins/2D/Paper2D/Content/OpaqueUnlitSpriteMaterial.uasset" 165
"../../../Engine/Content/Functions/Engine_MaterialFunctions02/ObjectLocalBounds.uasset" 166
"../../../Engine/Content/Functions/Engine_MaterialFunctions02/Utility/BreakOutFloat3Components.uasset" 167
"../../Plugins/Editor/SpeedTreeImporter/Content/SpeedTree9/UnpackInteger3.uasset" 168
"../../Plugins/Editor/SpeedTreeImporter/Content/SpeedTree9/UnpackDirection.uasset" 169
"../../Plugins/Editor/SpeedTreeImporter/Content/SpeedTree9/game_wind_noise.uasset" 170
"../../../Engine/Content/Functions/Engine_MaterialFunctions02/SafeNormalize.uasset" 171
"../../Plugins/Editor/SpeedTreeImporter/Content/SpeedTree9/SpeedTreeWindMotion.uasset" 172
"../../Plugins/Editor/SpeedTreeImporter/Content/SpeedTree9/SpeedTreeBranchMotion.uasset" 173
"../../../Engine/Content/Functions/Engine_MaterialFunctions02/UVs/BoundingBoxBased_0-1_UVW.uasset" 174
"../../Plugins/Editor/SpeedTreeImporter/Content/SpeedTree9/SpeedTreeWind.uasset" 175
"../../Plugins/Editor/SpeedTreeImporter/Content/SpeedTree9/SpeedTreeBillboard.uasset" 176
"../../../Engine/Content/EngineResources/DefaultTexture.uasset" 177
"../../Plugins/Editor/SpeedTreeImporter/Content/SpeedTree9/SpeedTreeBillboardMaster.uasset" 178
"../../Plugins/Editor/SpeedTreeImporter/Content/SpeedTree9/SpeedTreeCameraFacing.uasset" 179
"../../Plugins/Editor/SpeedTreeImporter/Content/SpeedTree9/SpeedTreeMaster.uasset" 180
"../../../Engine/Content/BasicShapes/Cylinder.uasset" 181
"../../../Engine/Content/ArtTools/RenderToTexture/Materials/Debug/M_Emissive_Color.uasset" 182
"../../Plugins/Lumin/MagicLeapPassableWorld/Content/MagicLeapARPinInfoActor.uasset" 183
"../../../Engine/Content/Functions/Engine_MaterialFunctions02/Utility/BreakOutFloat4Components.uasset" 184
"../../../Engine/Content/Functions/Engine_MaterialFunctions02/Utility/MakeFloat3.uasset" 185
"../../Plugins/Runtime/Oculus/OculusVR/Content/Materials/OculusMR_ChromaKey.uasset" 186
"../../Plugins/Runtime/Oculus/OculusVR/Content/Materials/OculusMR_OpaqueColoredMaterial.uasset" 187
"../../Plugins/Runtime/Oculus/OculusVR/Content/Materials/PokeAHoleMaterial.uasset" 188
"../../../../Program Files (x86)/UnrealProjects/Challenge48h-3-B/Challenge/Content/Map/Meshes/ArenaRocks/03/Rock_low_Mat_Rock_03_OcclusionRoughnessMetallic.uasset" 189
"../../../../Program Files (x86)/UnrealProjects/Challenge48h-3-B/Challenge/Content/Map/Meshes/ArenaRocks/03/Rock_low_Mat_Rock_03_Normal.uasset" 190
"../../../../Program Files (x86)/UnrealProjects/Challenge48h-3-B/Challenge/Content/Map/Meshes/ArenaRocks/03/Rock_low_Mat_Rock_03_BaseColor.uasset" 191
"../../../../Program Files (x86)/UnrealProjects/Challenge48h-3-B/Challenge/Content/StarterContent/Textures/T_Metal_Gold_N.uasset" 192
"../../../../Program Files (x86)/UnrealProjects/Challenge48h-3-B/Challenge/Content/StarterContent/Textures/T_Metal_Gold_D.uasset" 193
"../../../../Program Files (x86)/UnrealProjects/Challenge48h-3-B/Challenge/Content/StarterContent/Textures/T_MacroVariation.uasset" 194
"../../../../Program Files (x86)/UnrealProjects/Challenge48h-3-B/Challenge/Content/StarterContent/Textures/T_CobbleStone_Rough_D.uasset" 195
"../../../../Program Files (x86)/UnrealProjects/Challenge48h-3-B/Challenge/Content/Map/Shaders/MasterMats/Opaque_MicroVariation_RGB.uasset" 196
"../../../../Program Files (x86)/UnrealProjects/Challenge48h-3-B/Challenge/Content/Map/Meshes/ArenaRocks/Mat_Rock_04.uasset" 197
"../../../../Program Files (x86)/UnrealProjects/Challenge48h-3-B/Challenge/Content/Map/Meshes/ArenaRocks/Rock_03.uasset" 198
"../../../../Program Files (x86)/UnrealProjects/Challenge48h-3-B/Challenge/Content/Map/Meshes/ArenaRocks/02/Rock_low_Mat_Rock_02_OcclusionRoughnessMetallic.uasset" 199
"../../../../Program Files (x86)/UnrealProjects/Challenge48h-3-B/Challenge/Content/Map/Meshes/ArenaRocks/02/Rock_low_Mat_Rock_02_Normal.uasset" 200
"../../../../Program Files (x86)/UnrealProjects/Challenge48h-3-B/Challenge/Content/Map/Meshes/ArenaRocks/02/Rock_low_Mat_Rock_02_BaseColor.uasset" 201
"../../../../Program Files (x86)/UnrealProjects/Challenge48h-3-B/Challenge/Content/Map/Meshes/ArenaRocks/Mat_Rock_03.uasset" 202
"../../../../Program Files (x86)/UnrealProjects/Challenge48h-3-B/Challenge/Content/Map/Meshes/ArenaRocks/Rock_02.uasset" 203
"../../../../Program Files (x86)/UnrealProjects/Challenge48h-3-B/Challenge/Content/Map/Meshes/ArenaRocks/01/Rock_low_Mat_Rock_OcclusionRoughnessMetallic.uasset" 204
"../../../../Program Files (x86)/UnrealProjects/Challenge48h-3-B/Challenge/Content/Map/Meshes/ArenaRocks/01/Rock_low_Mat_Rock_Normal.uasset" 205
"../../../../Program Files (x86)/UnrealProjects/Challenge48h-3-B/Challenge/Content/Map/Meshes/ArenaRocks/01/Rock_low_Mat_Rock_BaseColor.uasset" 206
"../../../../Program Files (x86)/UnrealProjects/Challenge48h-3-B/Challenge/Content/Map/Meshes/ArenaRocks/Mat_Rock_02.uasset" 207
"../../../../Program Files (x86)/UnrealProjects/Challenge48h-3-B/Challenge/Content/Map/Meshes/ArenaRocks/Rock_01.uasset" 208
"../../../../Program Files (x86)/UnrealProjects/Challenge48h-3-B/Challenge/Content/Map/Meshes/Arena_Misc/Stelle_Lp_lambert1_Normal.uasset" 209
"../../../../Program Files (x86)/UnrealProjects/Challenge48h-3-B/Challenge/Content/Map/Meshes/Arena_Misc/Stelle_Lp_lambert1_Emissive.uasset" 210
"../../../../Program Files (x86)/UnrealProjects/Challenge48h-3-B/Challenge/Content/Map/Meshes/Arena_Misc/Stelle_Lp_lambert1_BaseColor.uasset" 211
"../../../../Program Files (x86)/UnrealProjects/Challenge48h-3-B/Challenge/Content/Map/Meshes/Arena_Misc/Stelle_Mat.uasset" 212
"../../../../Program Files (x86)/UnrealProjects/Challenge48h-3-B/Challenge/Content/Map/Meshes/Arena_Misc/Stelle.uasset" 213
"../../../../Program Files (x86)/UnrealProjects/Challenge48h-3-B/Challenge/Content/Map/Meshes/Arena_Misc/Montagnes.uasset" 214
"../../../../Program Files (x86)/UnrealProjects/Challenge48h-3-B/Challenge/Content/Map/Meshes/Arena_Misc/Mountains_Mat.uasset" 215
"../../../../Program Files (x86)/UnrealProjects/Challenge48h-3-B/Challenge/Content/Map/Meshes/Arena_Misc/MountainsLp.uasset" 216
"../../../../Program Files (x86)/UnrealProjects/Challenge48h-3-B/Challenge/Content/Map/Meshes/Arena/Lave_Mat.uasset" 217
"../../../../Program Files (x86)/UnrealProjects/Challenge48h-3-B/Challenge/Content/Map/Meshes/Arena/Lava_02.uasset" 218
"../../../../Program Files (x86)/UnrealProjects/Challenge48h-3-B/Challenge/Content/Chameleon/Textures/T_White.uasset" 219
"../../../../Program Files (x86)/UnrealProjects/Challenge48h-3-B/Challenge/Content/Map/Meshes/Arena/Floor_metallic.uasset" 220
"../../../../Program Files (x86)/UnrealProjects/Challenge48h-3-B/Challenge/Content/Map/Meshes/Arena/Floor_ambientocclusion.uasset" 221
"../../../../Program Files (x86)/UnrealProjects/Challenge48h-3-B/Challenge/Content/Map/Shaders/MasterMats/Opaque_MicroVariation.uasset" 222
"../../../../Program Files (x86)/UnrealProjects/Challenge48h-3-B/Challenge/Content/Map/Meshes/Arena/Rope001_1K_Roughness.uasset" 223
"../../../../Program Files (x86)/UnrealProjects/Challenge48h-3-B/Challenge/Content/Map/Meshes/Arena/Rope001_1K_NormalDX.uasset" 224
"../../../../Program Files (x86)/UnrealProjects/Challenge48h-3-B/Challenge/Content/Map/Meshes/Arena/Rope001_1K_Color.uasset" 225
"../../../../Program Files (x86)/UnrealProjects/Challenge48h-3-B/Challenge/Content/Map/Shaders/Arena_Instances/Rope_Mat.uasset" 226
"../../../../Program Files (x86)/UnrealProjects/Challenge48h-3-B/Challenge/Content/Map/Meshes/Arena/Pilone_et_planche_lambert1_OcclusionRoughnessMetallic.uasset" 227
"../../../../Program Files (x86)/UnrealProjects/Challenge48h-3-B/Challenge/Content/Map/Meshes/Arena/Pilone_et_planche_lambert1_Normal.uasset" 228
"../../../../Program Files (x86)/UnrealProjects/Challenge48h-3-B/Challenge/Content/Map/Meshes/Arena/Pilone_et_planche_lambert1_BaseColor.uasset" 229
"../../../../Program Files (x86)/UnrealProjects/Challenge48h-3-B/Challenge/Content/Map/Shaders/Arena_Instances/Props_02_Mat.uasset" 230
"../../../../Program Files (x86)/UnrealProjects/Challenge48h-3-B/Challenge/Content/Map/Meshes/Arena/Arena_Ponts.uasset" 231
"../../../../Program Files (x86)/UnrealProjects/Challenge48h-3-B/Challenge/Content/Map/Meshes/Arena/Lp_lambert1_OcclusionRoughnessMetallic.uasset" 232
"../../../../Program Files (x86)/UnrealProjects/Challenge48h-3-B/Challenge/Content/Map/Meshes/Arena/Lp_lambert1_Normal.uasset" 233
"../../../../Program Files (x86)/UnrealProjects/Challenge48h-3-B/Challenge/Content/Map/Meshes/Arena/Lp_lambert1_BaseColor.uasset" 234
"../../../../Program Files (x86)/UnrealProjects/Challenge48h-3-B/Challenge/Content/Map/Shaders/Arena_Instances/Props_01_Mat.uasset" 235
"../../../../Program Files (x86)/UnrealProjects/Challenge48h-3-B/Challenge/Content/Map/Meshes/Arena/Arena_Pilier_Lp1Shape.uasset" 236
"../../../../Program Files (x86)/UnrealProjects/Challenge48h-3-B/Challenge/Content/Map/Shaders/Arena_Instances/BLACK_Mat.uasset" 237
"../../../../Program Files (x86)/UnrealProjects/Challenge48h-3-B/Challenge/Content/Map/Meshes/Arena/lava_ground_normal.uasset" 238
"../../../../Program Files (x86)/UnrealProjects/Challenge48h-3-B/Challenge/Content/Map/Meshes/Arena/lava_ground_metallic.uasset" 239
"../../../../Program Files (x86)/UnrealProjects/Challenge48h-3-B/Challenge/Content/Map/Meshes/Arena/lava_ground_basecolor.uasset" 240
"../../../../Program Files (x86)/UnrealProjects/Challenge48h-3-B/Challenge/Content/Map/Shaders/MasterMats/FloorMacroVar.uasset" 241
"../../../../Program Files (x86)/UnrealProjects/Challenge48h-3-B/Challenge/Content/Map/Shaders/Arena_Instances/Lava_Rock_Mat.uasset" 242
"../../../../Program Files (x86)/UnrealProjects/Challenge48h-3-B/Challenge/Content/Map/Meshes/Arena/Arena_Entrees.uasset" 243
"../../../../Program Files (x86)/UnrealProjects/Challenge48h-3-B/Challenge/Content/Map/Meshes/Arena/Arena_Chaines.uasset" 244
"../../../../Program Files (x86)/UnrealProjects/Challenge48h-3-B/Challenge/Content/Map/Meshes/Arena/Metal026_1K_NormalDX.uasset" 245
"../../../../Program Files (x86)/UnrealProjects/Challenge48h-3-B/Challenge/Content/Map/Meshes/Arena/Metal026_1K_Metalness.uasset" 246
"../../../../Program Files (x86)/UnrealProjects/Challenge48h-3-B/Challenge/Content/Map/Meshes/Arena/Metal026_1K_Color.uasset" 247
"../../../../Program Files (x86)/UnrealProjects/Challenge48h-3-B/Challenge/Content/Map/Shaders/Arena_Instances/Rusted_Metal_Mat.uasset" 248
"../../../../Program Files (x86)/UnrealProjects/Challenge48h-3-B/Challenge/Content/Map/Meshes/Arena/Floor_normal.uasset" 249
"../../../../Program Files (x86)/UnrealProjects/Challenge48h-3-B/Challenge/Content/Map/Meshes/Arena/Floor_basecolor.uasset" 250
"../../../../Program Files (x86)/UnrealProjects/Challenge48h-3-B/Challenge/Content/Map/Shaders/Arena_Instances/Floor_Mat.uasset" 251
"../../../../Program Files (x86)/UnrealProjects/Challenge48h-3-B/Challenge/Content/Map/Meshes/Arena/Arena_Arene_centre.uasset" 252
"../../../../Program Files (x86)/UnrealProjects/Challenge48h-3-B/Challenge/Content/Map/Meshes/Arena/large_metal_debris_Normal.uasset" 253
"../../../../Program Files (x86)/UnrealProjects/Challenge48h-3-B/Challenge/Content/Map/Meshes/Arena/large_metal_debris_Base_Color.uasset" 254
"../../../../Program Files (x86)/UnrealProjects/Challenge48h-3-B/Challenge/Content/Map/Shaders/Arena_Instances/Debris_Mat.uasset" 255
"../../../../Program Files (x86)/UnrealProjects/Challenge48h-3-B/Challenge/Content/Map/Meshes/Arena/Arena_Arena.uasset" 256
"../../../../Program Files (x86)/UnrealProjects/Challenge48h-3-B/Challenge/Content/GoodSky/Source/Textures/T_GoodSky_noise_smooth.uasset" 257
"../../../../Program Files (x86)/UnrealProjects/Challenge48h-3-B/Challenge/Content/GoodSky/Source/Textures/T_GoodSky_Lightning.uasset" 258
"../../../../Program Files (x86)/UnrealProjects/Challenge48h-3-B/Challenge/Content/GoodSky/Source/Textures/T_GoodSky_clouds_sphere.uasset" 259
"../../../../Program Files (x86)/UnrealProjects/Challenge48h-3-B/Challenge/Content/GoodSky/Source/Textures/T_GoodSky_clouds_F.uasset" 260
"../../../../Program Files (x86)/UnrealProjects/Challenge48h-3-B/Challenge/Content/GoodSky/Source/Textures/T_GoodSky_clouds_E.uasset" 261
"../../../../Program Files (x86)/UnrealProjects/Challenge48h-3-B/Challenge/Content/GoodSky/Source/Textures/T_GoodSky_clouds_B.uasset" 262
"../../../../Program Files (x86)/UnrealProjects/Challenge48h-3-B/Challenge/Content/GoodSky/Source/Textures/T_GoodSky_clouds_A.uasset" 263
"../../../Engine/Content/Functions/Engine_MaterialFunctions02/ExampleContent/Textures/DebugNumberPeriod.uasset" 264
"../../../Engine/Content/Functions/Engine_MaterialFunctions02/ExampleContent/DebugNumberStrip.uasset" 265
"../../../Engine/Content/EngineMaterials/BlendFunc_DefBlend.uasset" 266
"../../../Engine/Content/EngineMaterials/BlendFunc_DefBase.uasset" 267
"../../Plugins/FX/Niagara/Content/Modules/Update/Size/ScaleSpriteSize.uasset" 268
"../../Plugins/FX/Niagara/Content/Enums/ENiagaraScaleColorMode.uasset" 269
"../../Plugins/FX/Niagara/Content/Modules/Update/Color/ScaleColor.uasset" 270
"../../Plugins/FX/Niagara/Content/Enums/ENiagaraCoordinateSpace.uasset" 271
"../../Plugins/FX/Niagara/Content/Functions/Localspace/TransformBase.uasset" 272
"../../Plugins/FX/Niagara/Content/Functions/Localspace/TransformVector.uasset" 273
"../../Plugins/FX/Niagara/Content/Modules/Spawn/Velocity/AddVelocity.uasset" 274
"../../Plugins/FX/Niagara/Content/DynamicInputs/ValueFromCurve/FloatFromCurve.uasset" 275
"../../Plugins/FX/Niagara/Content/DynamicInputs/TypeConversions/Vector2DFromFloat.uasset" 276
"../../Plugins/FX/Niagara/Content/Functions/System/SystemChangeState.uasset" 277
"../../Plugins/FX/Niagara/Content/Enums/ENiagaraSystemInactiveMode.uasset" 278
"../../Plugins/FX/Niagara/Content/Enums/ENiagara_EmitterStateOptions.uasset" 279
"../../Plugins/FX/Niagara/Content/Modules/System/SystemState.uasset" 280
"../../Plugins/FX/Niagara/Content/Enums/ENiagaraRandomnessMode.uasset" 281
"../../Plugins/FX/Niagara/Content/Enums/ENiagaraRandomnessEvaluation.uasset" 282
"../../Plugins/FX/Niagara/Content/Enums/ENiagaraInactiveMode.uasset" 283
"../../Plugins/FX/Niagara/Content/Enums/ENiagaraExpansionMode.uasset" 284
"../../Plugins/FX/Niagara/Content/Enums/ENiagaraEmitterScalabilityMode_Limited.uasset" 285
"../../Plugins/FX/Niagara/Content/Enums/ENiagaraChannelCorrelation.uasset" 286
"../../Plugins/FX/Niagara/Content/Enums/ENiagara_UVFlippingMode.uasset" 287
"../../Plugins/FX/Niagara/Content/Enums/ENiagara_SpriteRotationMode.uasset" 288
"../../Plugins/FX/Niagara/Content/Enums/ENiagara_SizeScaleMode.uasset" 289
"../../Plugins/FX/Niagara/Content/Enums/ENiagara_PositionInitializationMode.uasset" 290
"../../Plugins/FX/Niagara/Content/Enums/ENiagara_MassInitializationMode.uasset" 291
"../../Plugins/FX/Niagara/Content/Enums/ENiagara_LifetimeMode.uasset" 292
"../../Plugins/FX/Niagara/Content/Enums/ENiagara_InfiniteLoopDuration.uasset" 293
"../../Plugins/FX/Niagara/Content/Enums/ENiagara_ColorInitializationMode.uasset" 294
"../../Plugins/FX/Niagara/Content/Modules/Update/Lifetime/ParticleState.uasset" 295
"../../Plugins/FX/Niagara/Content/Functions/GetRandomInfo.uasset" 296
"../../Plugins/FX/Niagara/Content/Functions/RandomRangeFloat.uasset" 297
"../../Plugins/FX/Niagara/Content/Functions/RandomPointInBox.uasset" 298
"../../Plugins/FX/Niagara/Content/Functions/IsolateLongestVectorComponent.uasset" 299
"../../Plugins/FX/Niagara/Content/Functions/Rotation/RotateAngleOnAxis.uasset" 300
"../../Plugins/FX/Niagara/Content/Functions/Localspace/SimulationPosition.uasset" 301
"../../Plugins/FX/Niagara/Content/Modules/Spawn/Location/BoxLocation.uasset" 302
"../../Plugins/FX/Niagara/Content/Functions/V2/CalculateRandomRangeInteger.uasset" 303
"../../Plugins/FX/Niagara/Content/Functions/V2/CalculateRandomBool.uasset" 304
"../../Plugins/FX/Niagara/Content/Functions/V2/CalculateRandomRange.uasset" 305
"../../Plugins/FX/Niagara/Content/Functions/V2/CalculateRandomRangeFloat.uasset" 306
"../../Plugins/FX/Niagara/Content/Functions/LinearColor/HueShiftLinearColor.uasset" 307
"../../Plugins/FX/Niagara/Content/Modules/Spawn/Initialization/V2/InitializeParticle.uasset" 308
"../../Plugins/FX/Niagara/Content/Functions/DirectionAndLengthSafe.uasset" 309
"../../Plugins/FX/Niagara/Content/Modules/Solvers/SolveForcesAndVelocity.uasset" 310
"../../Plugins/FX/Niagara/Content/Modules/Emitter/SpawnRate.uasset" 311
"../../Plugins/FX/Niagara/Content/Functions/Emitter/EmitterChangeState.uasset" 312
"../../Plugins/FX/Niagara/Content/Enums/ENiagaraExecutionStateManagement.uasset" 313
"../../Plugins/FX/Niagara/Content/Enums/ENiagaraEmitterLifeCycleMode.uasset" 314
"../../Plugins/FX/Niagara/Content/Modules/Emitter/EmitterState.uasset" 315
"../../Plugins/FX/Niagara/Content/DynamicInputs/UniformRange/V2/RandomRangeFloat.uasset" 316
"../../Plugins/FX/Niagara/Content/Modules/Update/Orientation/SpriteRotationRate.uasset" 317
"../../Plugins/FX/Niagara/Content/Modules/Update/Forces/Drag.uasset" 318
"../../../../Program Files (x86)/UnrealProjects/Challenge48h-3-B/Challenge/Content/Map/FX/FX/FX_Smoke/FX_Text/Smoke_02.uasset" 319
"../../../../Program Files (x86)/UnrealProjects/Challenge48h-3-B/Challenge/Content/Map/FX/FX/FX_Smoke/FX_Text/Smoke_01.uasset" 320
"../../../Engine/Content/Functions/Engine_MaterialFunctions01/Density/ExponentialDensity.uasset" 321
"../../../Engine/Content/Functions/Engine_MaterialFunctions01/Gradient/RadialGradientExponential.uasset" 322
"../../../Engine/Content/Functions/Engine_MaterialFunctions02/ExampleContent/Textures/LowResBlurredNoise.uasset" 323
"../../../Engine/Content/EngineMaterials/DefaultNormal.uasset" 324
"../../../Engine/Content/Functions/Engine_MaterialFunctions02/Utility/LinearSine.uasset" 325
"../../../Engine/Content/Functions/Engine_MaterialFunctions02/Math/Transform3x3Matrix.uasset" 326
"../../../Engine/Content/Functions/Engine_MaterialFunctions02/Math/MakeVectorsOrthogonal.uasset" 327
"../../../Engine/Content/Functions/Engine_MaterialFunctions02/Math/AddComponents.uasset" 328
"../../../Engine/Content/Functions/Engine_MaterialFunctions02/Utility/BlendAngleCorrectedNormals.uasset" 329
"../../../Engine/Content/Functions/Engine_MaterialFunctions02/Math/TimeWithSpeedVariable.uasset" 330
"../../../Engine/Content/Functions/Engine_MaterialFunctions02/Texturing/FlowMaps_Simple.uasset" 331
"../../../Engine/Content/Functions/Engine_MaterialFunctions01/Gradient/LinearGradient.uasset" 332
"../../../Engine/Content/Functions/Engine_MaterialFunctions01/ImageAdjustment/CheapContrast.uasset" 333
"../../../Engine/Content/Functions/Engine_MaterialFunctions01/Texturing/WorldAlignedTexture.uasset" 334
"../../../../Program Files (x86)/UnrealProjects/Challenge48h-3-B/Challenge/Content/Map/FX/FX/FX_Smoke/FX_Mat/Mat_Smoke.uasset" 335
"../../Plugins/FX/Niagara/Content/DynamicInputs/UniformRange/V2/RandomRangeVector.uasset" 336
"../../Plugins/FX/Niagara/Content/Modules/Update/Material/DynamicMaterialParameters.uasset" 337
"../../../../Program Files (x86)/UnrealProjects/Challenge48h-3-B/Challenge/Content/Map/FX/FX/FX_SmokeFog/PSN_SmokeFog.uasset" 338
"../../../../Program Files (x86)/UnrealProjects/Challenge48h-3-B/Challenge/Content/Map/FX/FX/FX_Smoke/PSN_Smoke.uasset" 339
"../../Plugins/FX/Niagara/Content/DynamicInputs/Multiply/Multiply_Float.uasset" 340
"../../../../Program Files (x86)/UnrealProjects/Challenge48h-3-B/Challenge/Content/Map/FX/FX/FX_Fire/FX_Text/T_Fire_Distortion_256x256.uasset" 341
"../../../../Program Files (x86)/UnrealProjects/Challenge48h-3-B/Challenge/Content/Map/FX/FX/FX_Fire/FX_Text/T_Fire_256x256.uasset" 342
"../../../../Program Files (x86)/UnrealProjects/Challenge48h-3-B/Challenge/Content/Map/FX/FX/FX_Fire/FX_Mat/Mat_Fire.uasset" 343
"../../Plugins/FX/Niagara/Content/Functions/RandomUnitVector.uasset" 344
"../../Plugins/FX/Niagara/Content/Functions/RandomVector.uasset" 345
"../../Plugins/FX/Niagara/Content/Modules/Update/Forces/VectorNoiseForce.uasset" 346
"../../Plugins/FX/Niagara/Content/DynamicInputs/TypeConversions/VectorFromFloat.uasset" 347
"../../Plugins/FX/Niagara/Content/Modules/Update/Forces/GravityForce.uasset" 348
"../../Plugins/FX/Niagara/Content/DefaultAssets/DefaultSpriteMaterial.uasset" 349
"../../Plugins/FX/Niagara/Content/VectorFields/Assets/TilingCurl32.uasset" 350
"../../Plugins/FX/Niagara/Content/Enums/ENiagaraOrientationAxis.uasset" 351
"../../Plugins/FX/Niagara/Content/VectorFields/Assets/TilingCurl64.uasset" 352
"../../Plugins/FX/Niagara/Content/VectorFields/Assets/TilingCurl16.uasset" 353
"../../Plugins/FX/Niagara/Content/Functions/V2/RemapRange.uasset" 354
"../../Plugins/FX/Niagara/Content/Functions/FindAngleBetweenVectors.uasset" 355
"../../Plugins/FX/Niagara/Content/Functions/V2/ConeMask.uasset" 356
"../../Plugins/FX/Niagara/Content/Enums/ENiagaraCurlNoiseQuality.uasset" 357
"../../Plugins/FX/Niagara/Content/Modules/Update/Forces/V2/CurlNoiseForce.uasset" 358
"../../Plugins/FX/Niagara/Content/Modules/Spawn/Location/CylinderLocation.uasset" 359
"../../Plugins/FX/Niagara/Content/Modules/Update/Color/Color.uasset" 360
"../../Plugins/FX/Niagara/Content/DynamicInputs/ValueFromCurve/ColorFromCurve.uasset" 361
"../../Plugins/FX/Niagara/Content/DynamicInputs/UniformRange/V2/RandomRangeInt.uasset" 362
"../../Plugins/FX/Niagara/Content/DynamicInputs/TypeConversions/MakeFloatFromInt.uasset" 363
"../../Plugins/FX/Niagara/Content/DynamicInputs/Multiply/Multiply_Vector2.uasset" 364
"../../../../Program Files (x86)/UnrealProjects/Challenge48h-3-B/Challenge/Content/Map/FX/FX/FX_Fire/PSN_FireCylinder_03.uasset" 365
"../../../../Program Files (x86)/UnrealProjects/Challenge48h-3-B/Challenge/Content/Map/FX/FX/FX_Fire/PSN_FireCylinder_02.uasset" 366
"../../../../Program Files (x86)/UnrealProjects/Challenge48h-3-B/Challenge/Content/Map/FX/FX/FX_Fire/PSN_FireCylinder_01.uasset" 367
"../../../../Program Files (x86)/UnrealProjects/Challenge48h-3-B/Challenge/Content/Map/FX/FX/FX_Fire/PSN_Fire_02.uasset" 368
"../../../../Program Files (x86)/UnrealProjects/Challenge48h-3-B/Challenge/Content/Map/FX/FX/FX_Fire/PSN_Fire_01.uasset" 369
"../../Plugins/FX/Niagara/Content/DynamicInputs/TypeConversions/MakeVector.uasset" 370
"../../../../Program Files (x86)/UnrealProjects/Challenge48h-3-B/Challenge/Content/Map/FX/FX/FX_AmbiantParticle/PSN_AmbiantParticle.uasset" 371
"../../../Engine/Content/MapTemplates/Sky/DaylightAmbientCubemap.uasset" 372
"../../../../Program Files (x86)/UnrealProjects/Challenge48h-3-B/Challenge/Content/StarterContent/Blueprints/Assets/M_LightStage_Skybox_Master.uasset" 373
"../../../../Program Files (x86)/UnrealProjects/Challenge48h-3-B/Challenge/Content/StarterContent/Blueprints/Assets/M_LightStage_Skybox_Black.uasset" 374
"../../../../Program Files (x86)/UnrealProjects/Challenge48h-3-B/Challenge/Content/Map/Shaders/MasterMats/Opaque_Em.uasset" 375
"../../../../Program Files (x86)/UnrealProjects/Challenge48h-3-B/Challenge/Content/Chameleon/Textures/T_Black.uasset" 376
"../../../../Program Files (x86)/UnrealProjects/Challenge48h-3-B/Challenge/Content/Map/Shaders/Arena_Instances/Stelle.uasset" 377
"../../../../Program Files (x86)/UnrealProjects/Challenge48h-3-B/Challenge/Content/StarterContent/Textures/T_Fire_Tiled_D.uasset" 378
"../../../../Program Files (x86)/UnrealProjects/Challenge48h-3-B/Challenge/Content/Map/Textures/wmap_lava_nrm.uasset" 379
"../../../../Program Files (x86)/UnrealProjects/Challenge48h-3-B/Challenge/Content/Map/Shaders/MasterMats/LavaMaster.uasset" 380
"../../../../Program Files (x86)/UnrealProjects/Challenge48h-3-B/Challenge/Content/Map/Shaders/Arena_Instances/Lava_Inst.uasset" 381
"../../../../Program Files (x86)/UnrealProjects/Challenge48h-3-B/Challenge/Content/GoodSky/Source/Materials/Material_Function/MF_GoodSky_LightningFlick.uasset" 382
"../../../Engine/Content/Functions/Engine_MaterialFunctions01/ImageAdjustment/DeriveHDRfromLDR.uasset" 383
"../../../Engine/Content/Functions/Engine_MaterialFunctions01/Texturing/ScaleUVsAroundPoint.uasset" 384
"../../../../Program Files (x86)/UnrealProjects/Challenge48h-3-B/Challenge/Content/GoodSky/Source/Materials/Material_Function/MF_GoodSky_Top_part_alpha.uasset" 385
"../../../../Program Files (x86)/UnrealProjects/Challenge48h-3-B/Challenge/Content/GoodSky/Source/Materials/Material_Function/MF_GoodSky_Time.uasset" 386
"../../../../Program Files (x86)/UnrealProjects/Challenge48h-3-B/Challenge/Content/GoodSky/Source/Materials/Material_Function/MF_GoodSky_SkyDomeAlpha.uasset" 387
"../../../../Program Files (x86)/UnrealProjects/Challenge48h-3-B/Challenge/Content/GoodSky/Source/Materials/Material_Function/MF_GoodSky_Global_Setting.uasset" 388
"../../../../Program Files (x86)/UnrealProjects/Challenge48h-3-B/Challenge/Content/GoodSky/Source/Materials/Material_Function/MF_GoodSky_Clouds_Setting.uasset" 389
"../../../Engine/Content/Functions/Engine_MaterialFunctions01/Texturing/TextureCropping.uasset" 390
"../../../Engine/Content/Functions/Engine_MaterialFunctions01/Texturing/ComputeMipLevel.uasset" 391
"../../../Engine/Content/Functions/Engine_MaterialFunctions02/Utility/DebugScalarValues.uasset" 392
"../../../Engine/Content/Functions/Engine_MaterialFunctions02/Utility/DebugFloat3Values.uasset" 393
"../../../Engine/Content/Functions/Engine_MaterialFunctions02/Math/RGBtoHSV.uasset" 394
"../../../../Program Files (x86)/UnrealProjects/Challenge48h-3-B/Challenge/Content/GoodSky/Source/Materials/M_GoodSky_Storm.uasset" 395
"../../../Engine/Content/Functions/Engine_MaterialFunctions03/Blends/Blend_SoftLight.uasset" 396
"../../../Engine/Content/Functions/Engine_MaterialFunctions03/Blends/Blend_PinLight.uasset" 397
"../../../Engine/Content/Functions/Engine_MaterialFunctions03/Blends/Blend_LinearLight.uasset" 398
"../../../Engine/Content/Functions/Engine_MaterialFunctions03/Blends/Blend_LinearDodge.uasset" 399
"../../../Engine/Content/Functions/Engine_MaterialFunctions03/Blends/Blend_LinearBurn.uasset" 400
"../../../Engine/Content/Functions/Engine_MaterialFunctions03/Blends/Blend_HardLight.uasset" 401
"../../../Engine/Content/Functions/Engine_MaterialFunctions03/Blends/Blend_Exclusion.uasset" 402
"../../../Engine/Content/Functions/Engine_MaterialFunctions03/Blends/Blend_Difference.uasset" 403
"../../../Engine/Content/Functions/Engine_MaterialFunctions03/Blends/Blend_ColorDodge.uasset" 404
"../../../Engine/Content/Functions/Engine_MaterialFunctions03/Blends/Blend_ColorBurn.uasset" 405
"../../../Engine/Content/Functions/Engine_MaterialFunctions01/Texturing/ScaleUVsByCenter.uasset" 406
"../../../../Program Files (x86)/UnrealProjects/Challenge48h-3-B/Challenge/Content/Chameleon/MaterialFunctions/MF_BlendScreen.uasset" 407
"../../../../Program Files (x86)/UnrealProjects/Challenge48h-3-B/Challenge/Content/Chameleon/MaterialFunctions/MF_BlendOverlay.uasset" 408
"../../../../Program Files (x86)/UnrealProjects/Challenge48h-3-B/Challenge/Content/Chameleon/MaterialFunctions/MF_BlendMultiply.uasset" 409
"../../../../Program Files (x86)/UnrealProjects/Challenge48h-3-B/Challenge/Content/Chameleon/MaterialFunctions/MF_BlendLighten.uasset" 410
"../../../../Program Files (x86)/UnrealProjects/Challenge48h-3-B/Challenge/Content/Chameleon/MaterialFunctions/MF_BlendDarken.uasset" 411
"../../../../Program Files (x86)/UnrealProjects/Challenge48h-3-B/Challenge/Content/Chameleon/MaterialFunctions/MF_SetBlending.uasset" 412
"../../../../Program Files (x86)/UnrealProjects/Challenge48h-3-B/Challenge/Content/Chameleon/MaterialFunctions/MF_DepthOnlyMasking.uasset" 413
"../../../../Program Files (x86)/UnrealProjects/Challenge48h-3-B/Challenge/Content/Chameleon/Materials/M_Sharpen.uasset" 414
"../../../../Program Files (x86)/UnrealProjects/Challenge48h-3-B/Challenge/Content/Chameleon/Materials/M_ScreenFire.uasset" 415
"../../../Engine/Content/Functions/Engine_MaterialFunctions03/Blends/Blend_Screen.uasset" 416
"../../../../Program Files (x86)/UnrealProjects/Challenge48h-3-B/Challenge/Content/Chameleon/Materials/M_AnamorphicLensFlares.uasset" 417
"../../../../Program Files (x86)/UnrealProjects/Challenge48h-3-B/Challenge/Content/Chameleon/Textures/T_WaterDrops.uasset" 418
"../../../../Program Files (x86)/UnrealProjects/Challenge48h-3-B/Challenge/Content/Chameleon/Textures/T_Screendrops.uasset" 419
"../../../../Program Files (x86)/UnrealProjects/Challenge48h-3-B/Challenge/Content/Chameleon/Textures/T_ScopePlaceholder.uasset" 420
"../../../../Program Files (x86)/UnrealProjects/Challenge48h-3-B/Challenge/Content/Chameleon/Textures/T_Paper2.uasset" 421
"../../../../Program Files (x86)/UnrealProjects/Challenge48h-3-B/Challenge/Content/Chameleon/Textures/T_Organic03.uasset" 422
"../../../../Program Files (x86)/UnrealProjects/Challenge48h-3-B/Challenge/Content/Chameleon/Textures/T_MossyWood.uasset" 423
"../../../../Program Files (x86)/UnrealProjects/Challenge48h-3-B/Challenge/Content/Chameleon/Textures/T_GameOver.uasset" 424
"../../../../Program Files (x86)/UnrealProjects/Challenge48h-3-B/Challenge/Content/Chameleon/Textures/T_CobbleStone_Pebble_N.uasset" 425
"../../../../Program Files (x86)/UnrealProjects/Challenge48h-3-B/Challenge/Content/Chameleon/Textures/T_BulletHole.uasset" 426
"../../../../Program Files (x86)/UnrealProjects/Challenge48h-3-B/Challenge/Content/Chameleon/Textures/T_BloodDrops.uasset" 427
"../../../../Program Files (x86)/UnrealProjects/Challenge48h-3-B/Challenge/Content/Chameleon/Textures/2K_Masks/T_Mask7.uasset" 428
"../../../../Program Files (x86)/UnrealProjects/Challenge48h-3-B/Challenge/Content/Chameleon/Textures/2K_Masks/T_Mask5.uasset" 429
"../../../../Program Files (x86)/UnrealProjects/Challenge48h-3-B/Challenge/Content/Chameleon/Textures/2K_Masks/T_Mask4.uasset" 430
"../../../../Program Files (x86)/UnrealProjects/Challenge48h-3-B/Challenge/Content/Chameleon/Textures/2K_Masks/T_Mask13.uasset" 431
"../../../../Program Files (x86)/UnrealProjects/Challenge48h-3-B/Challenge/Content/Chameleon/Enums/LOOKPresetsEnum.uasset" 432
"../../../../Program Files (x86)/UnrealProjects/Challenge48h-3-B/Challenge/Content/Chameleon/Enums/DrawingNoiseModes.uasset" 433
"../../../../Program Files (x86)/UnrealProjects/Challenge48h-3-B/Challenge/Content/Chameleon/Enums/colorChannels.uasset" 434
"../../../../Program Files (x86)/UnrealProjects/Challenge48h-3-B/Challenge/Content/Chameleon/Enums/BlendModes.uasset" 435
"../../../../Program Files (x86)/UnrealProjects/Challenge48h-3-B/Challenge/Content/Chameleon/Structures/LOOKCGStruct.uasset" 436
"../../../../Program Files (x86)/UnrealProjects/Challenge48h-3-B/Challenge/Content/Chameleon/Materials/M_Zone.uasset" 437
"../../../../Program Files (x86)/UnrealProjects/Challenge48h-3-B/Challenge/Content/Chameleon/Materials/M_WorldSplash.uasset" 438
"../../../../Program Files (x86)/UnrealProjects/Challenge48h-3-B/Challenge/Content/Chameleon/Materials/M_WorldGlitch.uasset" 439
"../../../../Program Files (x86)/UnrealProjects/Challenge48h-3-B/Challenge/Content/Chameleon/Materials/M_Wired.uasset" 440
"../../../Engine/Content/Functions/Engine_MaterialFunctions02/ScreenResolution.uasset" 441
"../../../../Program Files (x86)/UnrealProjects/Challenge48h-3-B/Challenge/Content/Chameleon/Materials/M_TVNoise.uasset" 442
"../../../../Program Files (x86)/UnrealProjects/Challenge48h-3-B/Challenge/Content/Chameleon/Materials/M_ToonShading.uasset" 443
"../../../../Program Files (x86)/UnrealProjects/Challenge48h-3-B/Challenge/Content/Chameleon/Materials/M_Tiles.uasset" 444
"../../../../Program Files (x86)/UnrealProjects/Challenge48h-3-B/Challenge/Content/Chameleon/Materials/M_Squares.uasset" 445
"../../../../Program Files (x86)/UnrealProjects/Challenge48h-3-B/Challenge/Content/Chameleon/Textures/T_Noise.uasset" 446
"../../../../Program Files (x86)/UnrealProjects/Challenge48h-3-B/Challenge/Content/Chameleon/Materials/M_Speedlines.uasset" 447
"../../../../Program Files (x86)/UnrealProjects/Challenge48h-3-B/Challenge/Content/Chameleon/Materials/M_Sonar.uasset" 448
"../../../../Program Files (x86)/UnrealProjects/Challenge48h-3-B/Challenge/Content/Chameleon/Materials/M_Snow.uasset" 449
"../../../Engine/Content/Functions/DistanceFields/Shapes/DistanceField_Sphere.uasset" 450
"../../../Engine/Content/Functions/Engine_MaterialFunctions02/Utility/MakeFloat4.uasset" 451
"../../../../Program Files (x86)/UnrealProjects/Challenge48h-3-B/Challenge/Content/Chameleon/Materials/M_Sketch.uasset" 452
"../../../../Program Files (x86)/UnrealProjects/Challenge48h-3-B/Challenge/Content/Chameleon/Materials/M_SelectiveColor.uasset" 453
"../../../../Program Files (x86)/UnrealProjects/Challenge48h-3-B/Challenge/Content/Chameleon/Materials/M_ScreenWavesHLSL.uasset" 454
"../../../../Program Files (x86)/UnrealProjects/Challenge48h-3-B/Challenge/Content/Chameleon/Textures/T_ShadowRocks2.uasset" 455
"../../../../Program Files (x86)/UnrealProjects/Challenge48h-3-B/Challenge/Content/Chameleon/Materials/M_ScreenDrops.uasset" 456
"../../../Engine/Content/Functions/Engine_MaterialFunctions02/Texturing/ScreenAlignedUVs.uasset" 457
"../../../Engine/Content/Functions/Engine_MaterialFunctions02/Texturing/CustomRotator.uasset" 458
"../../../../Program Files (x86)/UnrealProjects/Challenge48h-3-B/Challenge/Content/Chameleon/Materials/M_ScreenDecals.uasset" 459
"../../../../Program Files (x86)/UnrealProjects/Challenge48h-3-B/Challenge/Content/Chameleon/Textures/2K_Masks/T_Mask9.uasset" 460
"../../../Engine/Content/Functions/Engine_MaterialFunctions02/Utility/VectorLength.uasset" 461
"../../../Engine/Content/Functions/Engine_MaterialFunctions01/Gradient/BoxMask-2D.uasset" 462
"../../../Engine/Content/Functions/Engine_MaterialFunctions03/Procedurals/NormalFromHeightmap.uasset" 463
"../../../../Program Files (x86)/UnrealProjects/Challenge48h-3-B/Challenge/Content/Chameleon/Materials/M_ScreenDamage.uasset" 464
"../../../../Program Files (x86)/UnrealProjects/Challenge48h-3-B/Challenge/Content/Chameleon/Textures/T_NoiseDspatial.uasset" 465
"../../../../Program Files (x86)/UnrealProjects/Challenge48h-3-B/Challenge/Content/Chameleon/Textures/2K_Masks/T_Mask3.uasset" 466
"../../../Engine/Content/Functions/Engine_MaterialFunctions01/Texturing/FlattenNormal.uasset" 467
"../../../../Program Files (x86)/UnrealProjects/Challenge48h-3-B/Challenge/Content/Chameleon/Materials/M_ScratchesHLSL.uasset" 468
"../../../../Program Files (x86)/UnrealProjects/Challenge48h-3-B/Challenge/Content/Chameleon/Materials/M_RadialBlurHLSL.uasset" 469
"../../../../Program Files (x86)/UnrealProjects/Challenge48h-3-B/Challenge/Content/Chameleon/Materials/M_Pyramid.uasset" 470
"../../../../Program Files (x86)/UnrealProjects/Challenge48h-3-B/Challenge/Content/Chameleon/Materials/M_Pulse.uasset" 471
"../../../../Program Files (x86)/UnrealProjects/Challenge48h-3-B/Challenge/Content/Chameleon/Materials/M_PixelDissolve.uasset" 472
"../../../Engine/Content/Functions/Engine_MaterialFunctions02/SmoothThreshold.uasset" 473
"../../../../Program Files (x86)/UnrealProjects/Challenge48h-3-B/Challenge/Content/Chameleon/Materials/M_Neon.uasset" 474
"../../../../Program Files (x86)/UnrealProjects/Challenge48h-3-B/Challenge/Content/Chameleon/Materials/M_MosaicTile.uasset" 475
"../../../../Program Files (x86)/UnrealProjects/Challenge48h-3-B/Challenge/Content/Chameleon/Materials/M_MonochromeHLSL.uasset" 476
"../../../../Program Files (x86)/UnrealProjects/Challenge48h-3-B/Challenge/Content/Chameleon/Materials/M_MonitorEffects.uasset" 477
"../../../../Program Files (x86)/UnrealProjects/Challenge48h-3-B/Challenge/Content/Chameleon/Textures/2K_Masks/T_Mask19.uasset" 478
"../../../../Program Files (x86)/UnrealProjects/Challenge48h-3-B/Challenge/Content/Chameleon/Materials/M_Mojo.uasset" 479
"../../../../Program Files (x86)/UnrealProjects/Challenge48h-3-B/Challenge/Content/Chameleon/Materials/M_MeltedWorld.uasset" 480
"../../../../Program Files (x86)/UnrealProjects/Challenge48h-3-B/Challenge/Content/Chameleon/Textures/2K_Masks/T_Mask1.uasset" 481
"../../../../Program Files (x86)/UnrealProjects/Challenge48h-3-B/Challenge/Content/Chameleon/Materials/M_MagicTransitions.uasset" 482
"../../../../Program Files (x86)/UnrealProjects/Challenge48h-3-B/Challenge/Content/Chameleon/Materials/M_Letterboxing.uasset" 483
"../../../../Program Files (x86)/UnrealProjects/Challenge48h-3-B/Challenge/Content/Chameleon/Materials/M_LensDistortion.uasset" 484
"../../../Engine/Content/Functions/Engine_MaterialFunctions03/Blends/Blend_Darken.uasset" 485
"../../../../Program Files (x86)/UnrealProjects/Challenge48h-3-B/Challenge/Content/Chameleon/Materials/M_Kuwahara.uasset" 486
"../../../Engine/Content/Functions/Engine_MaterialFunctions02/Math/Pi.uasset" 487
"../../../../Program Files (x86)/UnrealProjects/Challenge48h-3-B/Challenge/Content/Chameleon/Materials/M_Kaleidescope.uasset" 488
"../../../../Program Files (x86)/UnrealProjects/Challenge48h-3-B/Challenge/Content/Chameleon/Materials/M_Iridescent.uasset" 489
"../../../../Program Files (x86)/UnrealProjects/Challenge48h-3-B/Challenge/Content/Chameleon/Materials/M_Invert.uasset" 490
"../../../../Program Files (x86)/UnrealProjects/Challenge48h-3-B/Challenge/Content/Chameleon/Materials/M_Infected.uasset" 491
"../../../../Program Files (x86)/UnrealProjects/Challenge48h-3-B/Challenge/Content/Chameleon/Materials/M_HUEPanner.uasset" 492
"../../../../Program Files (x86)/UnrealProjects/Challenge48h-3-B/Challenge/Content/Chameleon/Materials/M_HazyLights.uasset" 493
"../../../Engine/Content/Functions/Engine_MaterialFunctions03/Texturing/WorldCoordinate3Way.uasset" 494
"../../../../Program Files (x86)/UnrealProjects/Challenge48h-3-B/Challenge/Content/Chameleon/Materials/M_Haunted.uasset" 495
"../../../../Program Files (x86)/UnrealProjects/Challenge48h-3-B/Challenge/Content/Chameleon/Materials/M_HardEmbossHLSL.uasset" 496
"../../../../Program Files (x86)/UnrealProjects/Challenge48h-3-B/Challenge/Content/Chameleon/Materials/M_GridCell.uasset" 497
"../../../Engine/Content/Functions/Engine_MaterialFunctions02/ExampleContent/Greyscale.uasset" 498
"../../../Engine/Content/Functions/Engine_MaterialFunctions02/ExampleContent/Gradient.uasset" 499
"../../../Engine/Content/Functions/Engine_MaterialFunctions02/Gradients/GradientMap_Multi.uasset" 500
"../../../../Program Files (x86)/UnrealProjects/Challenge48h-3-B/Challenge/Content/Chameleon/Materials/M_GradientFog.uasset" 501
"../../../../Program Files (x86)/UnrealProjects/Challenge48h-3-B/Challenge/Content/Chameleon/Materials/M_GlitchHLSL.uasset" 502
"../../../../Program Files (x86)/UnrealProjects/Challenge48h-3-B/Challenge/Content/Chameleon/Materials/M_Frost.uasset" 503
"../../../../Program Files (x86)/UnrealProjects/Challenge48h-3-B/Challenge/Content/Chameleon/Materials/M_Emboss3x3HLSL.uasset" 504
"../../../../Program Files (x86)/UnrealProjects/Challenge48h-3-B/Challenge/Content/Chameleon/Textures/T_ChameleonLogoTransparent.uasset" 505
"../../../../Program Files (x86)/UnrealProjects/Challenge48h-3-B/Challenge/Content/Chameleon/Materials/M_Editor_ChameleonIcon.uasset" 506
"../../../../Program Files (x86)/UnrealProjects/Challenge48h-3-B/Challenge/Content/Chameleon/Materials/M_EdgeDetect3x3HLSL.uasset" 507
"../../../Engine/Content/Functions/Engine_MaterialFunctions02/Lerp_Multiple_Float3.uasset" 508
"../../../../Program Files (x86)/UnrealProjects/Challenge48h-3-B/Challenge/Content/Chameleon/Materials/M_Drug.uasset" 509
"../../../../Program Files (x86)/UnrealProjects/Challenge48h-3-B/Challenge/Content/Chameleon/Materials/M_Drawing.uasset" 510
"../../../../Program Files (x86)/UnrealProjects/Challenge48h-3-B/Challenge/Content/Chameleon/Textures/T_Bayer.uasset" 511
"../../../../Program Files (x86)/UnrealProjects/Challenge48h-3-B/Challenge/Content/Chameleon/Materials/M_Dither.uasset" 512
"../../../../Program Files (x86)/UnrealProjects/Challenge48h-3-B/Challenge/Content/Chameleon/Materials/M_DistanceFog.uasset" 513
"../../../Engine/Content/Functions/Engine_MaterialFunctions02/ExampleContent/Textures/newhplaneNormalsMap.uasset" 514
"../../../../Program Files (x86)/UnrealProjects/Challenge48h-3-B/Challenge/Content/Chameleon/Materials/M_DistanceDistortion.uasset" 515
"../../../../Program Files (x86)/UnrealProjects/Challenge48h-3-B/Challenge/Content/Chameleon/Materials/M_DiscoBall.uasset" 516
"../../../../Program Files (x86)/UnrealProjects/Challenge48h-3-B/Challenge/Content/Chameleon/Materials/M_Digitize.uasset" 517
"../../../../Program Files (x86)/UnrealProjects/Challenge48h-3-B/Challenge/Content/Chameleon/Textures/5PixelColors.uasset" 518
"../../../Engine/Content/Functions/Engine_MaterialFunctions02/HueShift.uasset" 519
"../../../../Program Files (x86)/UnrealProjects/Challenge48h-3-B/Challenge/Content/Chameleon/Materials/M_CyberScan.uasset" 520
"../../../../Program Files (x86)/UnrealProjects/Challenge48h-3-B/Challenge/Content/Chameleon/Materials/M_CustomDepthHighlighterClip.uasset" 521
"../../../../Program Files (x86)/UnrealProjects/Challenge48h-3-B/Challenge/Content/Chameleon/Materials/M_CustomDepthHighlighter.uasset" 522
"../../../../Program Files (x86)/UnrealProjects/Challenge48h-3-B/Challenge/Content/Chameleon/Materials/M_ComicEdgeHLSL.uasset" 523
"../../../../Program Files (x86)/UnrealProjects/Challenge48h-3-B/Challenge/Content/Chameleon/MaterialFunctions/MF_FXHSVLimiter.uasset" 524
"../../../../Program Files (x86)/UnrealProjects/Challenge48h-3-B/Challenge/Content/Chameleon/Materials/M_ColorizeHLSL.uasset" 525
"../../../../Program Files (x86)/UnrealProjects/Challenge48h-3-B/Challenge/Content/Chameleon/Materials/M_ColorIndexer.uasset" 526
"../../../../Program Files (x86)/UnrealProjects/Challenge48h-3-B/Challenge/Content/Chameleon/Materials/M_ColoredAO.uasset" 527
"../../../../Program Files (x86)/UnrealProjects/Challenge48h-3-B/Challenge/Content/Chameleon/Materials/M_Circles.uasset" 528
"../../../Engine/Content/Functions/Engine_MaterialFunctions02/SplitComponents.uasset" 529
"../../../../Program Files (x86)/UnrealProjects/Challenge48h-3-B/Challenge/Content/Chameleon/Materials/M_ChannelSwapper.uasset" 530
"../../../../Program Files (x86)/UnrealProjects/Challenge48h-3-B/Challenge/Content/Chameleon/Materials/M_ChannelClamper.uasset" 531
"../../../../Program Files (x86)/UnrealProjects/Challenge48h-3-B/Challenge/Content/Chameleon/Materials/M_CameraShake.uasset" 532
"../../../../Program Files (x86)/UnrealProjects/Challenge48h-3-B/Challenge/Content/Chameleon/MaterialFunctions/MF_FXBlur.uasset" 533
"../../../../Program Files (x86)/UnrealProjects/Challenge48h-3-B/Challenge/Content/Chameleon/Materials/M_BlurHLSL.uasset" 534
"../../../Engine/Content/Functions/Engine_MaterialFunctions03/Blends/Blend_Overlay.uasset" 535
"../../../../Program Files (x86)/UnrealProjects/Challenge48h-3-B/Challenge/Content/Chameleon/Materials/M_BleachBypass.uasset" 536
"../../../../Program Files (x86)/UnrealProjects/Challenge48h-3-B/Challenge/Content/Chameleon/Materials/M_AsciiHLSL.uasset" 537
"../../../Engine/Content/Functions/Engine_MaterialFunctions03/Blends/Blend_Lighten.uasset" 538
"../../../../Program Files (x86)/UnrealProjects/Challenge48h-3-B/Challenge/Content/Chameleon/Materials/M_Alcohol.uasset" 539
"../../../../Program Files (x86)/UnrealProjects/Challenge48h-3-B/Challenge/Content/Chameleon/Materials/M_Alarm.uasset" 540
"../../../../Program Files (x86)/UnrealProjects/Challenge48h-3-B/Challenge/Content/Chameleon/Materials/M_ActorFeaturette.uasset" 541
"../../../Engine/Content/Functions/Engine_MaterialFunctions02/UVs/PanTextureCoordinateChannelfrom-1toN+1.uasset" 542
"../../../Engine/Content/Functions/Engine_MaterialFunctions02/UVs/PanTextureCoordinateFrom-1toN+1.uasset" 543
"../../../Engine/Content/Functions/Engine_MaterialFunctions02/SmoothStep.uasset" 544
"../../../Engine/Content/Functions/Engine_MaterialFunctions01/Math/SmoothCeil.uasset" 545
"../../../../Program Files (x86)/UnrealProjects/Challenge48h-3-B/Challenge/Content/Chameleon/Materials/M_2DTransform.uasset" 546
"../../../../Program Files (x86)/UnrealProjects/Challenge48h-3-B/Challenge/Content/Chameleon/Structures/Vector3DN.uasset" 547
"../../../../Program Files (x86)/UnrealProjects/Challenge48h-3-B/Challenge/Content/Chameleon/Structures/Vector2DN.uasset" 548
"../../../../Program Files (x86)/UnrealProjects/Challenge48h-3-B/Challenge/Content/Chameleon/LUTs/LUT_U1_Weather_Winter.uasset" 549
"../../../../Program Files (x86)/UnrealProjects/Challenge48h-3-B/Challenge/Content/Chameleon/LUTs/LUT_U1_Weather_Underwater.uasset" 550
"../../../../Program Files (x86)/UnrealProjects/Challenge48h-3-B/Challenge/Content/Chameleon/LUTs/LUT_U1_Weather_Lightning.uasset" 551
"../../../../Program Files (x86)/UnrealProjects/Challenge48h-3-B/Challenge/Content/Chameleon/LUTs/LUT_U1_Weather_Late_Sunset.uasset" 552
"../../../../Program Files (x86)/UnrealProjects/Challenge48h-3-B/Challenge/Content/Chameleon/LUTs/LUT_U1_Weather_Heavy_Sunset.uasset" 553
"../../../../Program Files (x86)/UnrealProjects/Challenge48h-3-B/Challenge/Content/Chameleon/LUTs/LUT_U1_Weather_Everest_M.uasset" 554
"../../../../Program Files (x86)/UnrealProjects/Challenge48h-3-B/Challenge/Content/Chameleon/LUTs/LUT_U1_Weather_Everest_L.uasset" 555
"../../../../Program Files (x86)/UnrealProjects/Challenge48h-3-B/Challenge/Content/Chameleon/LUTs/LUT_U1_Weather_Everest_H.uasset" 556
"../../../../Program Files (x86)/UnrealProjects/Challenge48h-3-B/Challenge/Content/Chameleon/LUTs/LUT_U1_Lighting_Moonlight.uasset" 557
"../../../../Program Files (x86)/UnrealProjects/Challenge48h-3-B/Challenge/Content/Chameleon/LUTs/LUT_U1_Lighting_Day_to_Night.uasset" 558
"../../../../Program Files (x86)/UnrealProjects/Challenge48h-3-B/Challenge/Content/Chameleon/LUTs/LUT_U1_Lighting_Candle_Light.uasset" 559
"../../../../Program Files (x86)/UnrealProjects/Challenge48h-3-B/Challenge/Content/Chameleon/LUTs/LUT_U1_Filmic_Rogue.uasset" 560
"../../../../Program Files (x86)/UnrealProjects/Challenge48h-3-B/Challenge/Content/Chameleon/LUTs/LUT_U1_Filmic_Pandora.uasset" 561
"../../../../Program Files (x86)/UnrealProjects/Challenge48h-3-B/Challenge/Content/Chameleon/LUTs/LUT_U1_Filmic_Nature_Rise.uasset" 562
"../../../../Program Files (x86)/UnrealProjects/Challenge48h-3-B/Challenge/Content/Chameleon/LUTs/LUT_U1_Filmic_Middle_Earth.uasset" 563
"../../../../Program Files (x86)/UnrealProjects/Challenge48h-3-B/Challenge/Content/Chameleon/LUTs/LUT_U1_Filmic_Last_hope.uasset" 564
"../../../../Program Files (x86)/UnrealProjects/Challenge48h-3-B/Challenge/Content/Chameleon/LUTs/LUT_U1_Filmic_Horror_Night.uasset" 565
"../../../../Program Files (x86)/UnrealProjects/Challenge48h-3-B/Challenge/Content/Chameleon/LUTs/LUT_U1_Filmic_Holy_TealOrange.uasset" 566
"../../../../Program Files (x86)/UnrealProjects/Challenge48h-3-B/Challenge/Content/Chameleon/LUTs/LUT_U1_Filmic_Hazard.uasset" 567
"../../../../Program Files (x86)/UnrealProjects/Challenge48h-3-B/Challenge/Content/Chameleon/LUTs/LUT_U1_Filmic_Hacker_Room.uasset" 568
"../../../../Program Files (x86)/UnrealProjects/Challenge48h-3-B/Challenge/Content/Chameleon/LUTs/LUT_U1_Filmic_Golden_Age.uasset" 569
"../../../../Program Files (x86)/UnrealProjects/Challenge48h-3-B/Challenge/Content/Chameleon/LUTs/LUT_U1_Filmic_Gladiators.uasset" 570
"../../../../Program Files (x86)/UnrealProjects/Challenge48h-3-B/Challenge/Content/Chameleon/LUTs/LUT_U1_Filmic_Futurama.uasset" 571
"../../../../Program Files (x86)/UnrealProjects/Challenge48h-3-B/Challenge/Content/Chameleon/LUTs/LUT_U1_Filmic_First_Date.uasset" 572
"../../../../Program Files (x86)/UnrealProjects/Challenge48h-3-B/Challenge/Content/Chameleon/LUTs/LUT_U1_Filmic_Cold_Blood_Murderer.uasset" 573
"../../../../Program Files (x86)/UnrealProjects/Challenge48h-3-B/Challenge/Content/Chameleon/LUTs/LUT_U1_Filmic_Abduction.uasset" 574
"../../../../Program Files (x86)/UnrealProjects/Challenge48h-3-B/Challenge/Content/Chameleon/LUTs/LUT_U1_Emulation_SA9.uasset" 575
"../../../../Program Files (x86)/UnrealProjects/Challenge48h-3-B/Challenge/Content/Chameleon/LUTs/LUT_U1_Emulation_SA8.uasset" 576
"../../../../Program Files (x86)/UnrealProjects/Challenge48h-3-B/Challenge/Content/Chameleon/LUTs/LUT_U1_Emulation_SA7_4.uasset" 577
"../../../../Program Files (x86)/UnrealProjects/Challenge48h-3-B/Challenge/Content/Chameleon/LUTs/LUT_U1_Emulation_SA7_3.uasset" 578
"../../../../Program Files (x86)/UnrealProjects/Challenge48h-3-B/Challenge/Content/Chameleon/LUTs/LUT_U1_Emulation_SA7_2.uasset" 579
"../../../../Program Files (x86)/UnrealProjects/Challenge48h-3-B/Challenge/Content/Chameleon/LUTs/LUT_U1_Emulation_SA7_1.uasset" 580
"../../../../Program Files (x86)/UnrealProjects/Challenge48h-3-B/Challenge/Content/Chameleon/LUTs/LUT_U1_Emulation_SA6.uasset" 581
"../../../../Program Files (x86)/UnrealProjects/Challenge48h-3-B/Challenge/Content/Chameleon/LUTs/LUT_U1_Emulation_SA5.uasset" 582
"../../../../Program Files (x86)/UnrealProjects/Challenge48h-3-B/Challenge/Content/Chameleon/LUTs/LUT_U1_Emulation_Kodk_2395_2.uasset" 583
"../../../../Program Files (x86)/UnrealProjects/Challenge48h-3-B/Challenge/Content/Chameleon/LUTs/LUT_U1_Emulation_Kodk_2395_1.uasset" 584
"../../../../Program Files (x86)/UnrealProjects/Challenge48h-3-B/Challenge/Content/Chameleon/LUTs/LUT_U1_Emulation_Kodk_2393_2.uasset" 585
"../../../../Program Files (x86)/UnrealProjects/Challenge48h-3-B/Challenge/Content/Chameleon/LUTs/LUT_U1_Emulation_Kodk_2393_1.uasset" 586
"../../../../Program Files (x86)/UnrealProjects/Challenge48h-3-B/Challenge/Content/Chameleon/LUTs/LUT_U1_Emulation_Kodk_2383.uasset" 587
"../../../../Program Files (x86)/UnrealProjects/Challenge48h-3-B/Challenge/Content/Chameleon/LUTs/LUT_U1_Emulation_Kodachrome.uasset" 588
"../../../../Program Files (x86)/UnrealProjects/Challenge48h-3-B/Challenge/Content/Chameleon/LUTs/LUT_U1_Emulation_JR45.uasset" 589
"../../../../Program Files (x86)/UnrealProjects/Challenge48h-3-B/Challenge/Content/Chameleon/LUTs/LUT_U1_Emulation_General_Filmstock.uasset" 590
"../../../../Program Files (x86)/UnrealProjects/Challenge48h-3-B/Challenge/Content/Chameleon/LUTs/LUT_U1_Emulation_Fuj_3510_3.uasset" 591
"../../../../Program Files (x86)/UnrealProjects/Challenge48h-3-B/Challenge/Content/Chameleon/LUTs/LUT_U1_Emulation_Fuj_3510_2.uasset" 592
"../../../../Program Files (x86)/UnrealProjects/Challenge48h-3-B/Challenge/Content/Chameleon/LUTs/LUT_U1_Emulation_Fuj_3510_1.uasset" 593
"../../../../Program Files (x86)/UnrealProjects/Challenge48h-3-B/Challenge/Content/Chameleon/LUTs/LUT_U1_Emulation_Film2Vid_2.uasset" 594
"../../../../Program Files (x86)/UnrealProjects/Challenge48h-3-B/Challenge/Content/Chameleon/LUTs/LUT_U1_Emulation_Film2Vid_1.uasset" 595
"../../../../Program Files (x86)/UnrealProjects/Challenge48h-3-B/Challenge/Content/Chameleon/LUTs/LUT_U1_Emulation_Cineon.uasset" 596
"../../../../Program Files (x86)/UnrealProjects/Challenge48h-3-B/Challenge/Content/Chameleon/LUTs/LUT_U1_Emulation_Bleach_Bypass.uasset" 597
"../../../../Program Files (x86)/UnrealProjects/Challenge48h-3-B/Challenge/Content/Chameleon/LUTs/LUT_U1_Emulation_3_Strip.uasset" 598
"../../../../Program Files (x86)/UnrealProjects/Challenge48h-3-B/Challenge/Content/Chameleon/LUTs/LUT_Steam7.uasset" 599
"../../../../Program Files (x86)/UnrealProjects/Challenge48h-3-B/Challenge/Content/Chameleon/LUTs/LUT_Steam6.uasset" 600
"../../../../Program Files (x86)/UnrealProjects/Challenge48h-3-B/Challenge/Content/Chameleon/LUTs/LUT_Steam5.uasset" 601
"../../../../Program Files (x86)/UnrealProjects/Challenge48h-3-B/Challenge/Content/Chameleon/LUTs/LUT_Steam4.uasset" 602
"../../../../Program Files (x86)/UnrealProjects/Challenge48h-3-B/Challenge/Content/Chameleon/LUTs/LUT_Steam3.uasset" 603
"../../../../Program Files (x86)/UnrealProjects/Challenge48h-3-B/Challenge/Content/Chameleon/LUTs/LUT_Steam2.uasset" 604
"../../../../Program Files (x86)/UnrealProjects/Challenge48h-3-B/Challenge/Content/Chameleon/LUTs/LUT_Steam1.uasset" 605
"../../../../Program Files (x86)/UnrealProjects/Challenge48h-3-B/Challenge/Content/Chameleon/LUTs/LUT_Saturate3.uasset" 606
"../../../../Program Files (x86)/UnrealProjects/Challenge48h-3-B/Challenge/Content/Chameleon/LUTs/LUT_Saturate2.uasset" 607
"../../../../Program Files (x86)/UnrealProjects/Challenge48h-3-B/Challenge/Content/Chameleon/LUTs/LUT_Saturate1.uasset" 608
"../../../../Program Files (x86)/UnrealProjects/Challenge48h-3-B/Challenge/Content/Chameleon/LUTs/LUT_Posterize1.uasset" 609
"../../../../Program Files (x86)/UnrealProjects/Challenge48h-3-B/Challenge/Content/Chameleon/LUTs/LUT_Old4.uasset" 610
"../../../../Program Files (x86)/UnrealProjects/Challenge48h-3-B/Challenge/Content/Chameleon/LUTs/LUT_Old3.uasset" 611
"../../../../Program Files (x86)/UnrealProjects/Challenge48h-3-B/Challenge/Content/Chameleon/LUTs/LUT_Old2.uasset" 612
"../../../../Program Files (x86)/UnrealProjects/Challenge48h-3-B/Challenge/Content/Chameleon/LUTs/LUT_Old1.uasset" 613
"../../../../Program Files (x86)/UnrealProjects/Challenge48h-3-B/Challenge/Content/Chameleon/LUTs/LUT_Movie7.uasset" 614
"../../../../Program Files (x86)/UnrealProjects/Challenge48h-3-B/Challenge/Content/Chameleon/LUTs/LUT_Movie6.uasset" 615
"../../../../Program Files (x86)/UnrealProjects/Challenge48h-3-B/Challenge/Content/Chameleon/LUTs/LUT_Movie5.uasset" 616
"../../../../Program Files (x86)/UnrealProjects/Challenge48h-3-B/Challenge/Content/Chameleon/LUTs/LUT_Movie4.uasset" 617
"../../../../Program Files (x86)/UnrealProjects/Challenge48h-3-B/Challenge/Content/Chameleon/LUTs/LUT_Movie3.uasset" 618
"../../../../Program Files (x86)/UnrealProjects/Challenge48h-3-B/Challenge/Content/Chameleon/LUTs/LUT_Movie2.uasset" 619
"../../../../Program Files (x86)/UnrealProjects/Challenge48h-3-B/Challenge/Content/Chameleon/LUTs/LUT_Movie1.uasset" 620
"../../../../Program Files (x86)/UnrealProjects/Challenge48h-3-B/Challenge/Content/Chameleon/LUTs/LUT_Mono9.uasset" 621
"../../../../Program Files (x86)/UnrealProjects/Challenge48h-3-B/Challenge/Content/Chameleon/LUTs/LUT_Mono8.uasset" 622
"../../../../Program Files (x86)/UnrealProjects/Challenge48h-3-B/Challenge/Content/Chameleon/LUTs/LUT_Mono7.uasset" 623
"../../../../Program Files (x86)/UnrealProjects/Challenge48h-3-B/Challenge/Content/Chameleon/LUTs/LUT_Mono6.uasset" 624
"../../../../Program Files (x86)/UnrealProjects/Challenge48h-3-B/Challenge/Content/Chameleon/LUTs/LUT_Mono5.uasset" 625
"../../../../Program Files (x86)/UnrealProjects/Challenge48h-3-B/Challenge/Content/Chameleon/LUTs/LUT_Mono4.uasset" 626
"../../../../Program Files (x86)/UnrealProjects/Challenge48h-3-B/Challenge/Content/Chameleon/LUTs/LUT_Mono3.uasset" 627
"../../../../Program Files (x86)/UnrealProjects/Challenge48h-3-B/Challenge/Content/Chameleon/LUTs/LUT_Mono2.uasset" 628
"../../../../Program Files (x86)/UnrealProjects/Challenge48h-3-B/Challenge/Content/Chameleon/LUTs/LUT_Mono10.uasset" 629
"../../../../Program Files (x86)/UnrealProjects/Challenge48h-3-B/Challenge/Content/Chameleon/LUTs/LUT_Mono1.uasset" 630
"../../../../Program Files (x86)/UnrealProjects/Challenge48h-3-B/Challenge/Content/Chameleon/LUTs/LUT_InvertGray.uasset" 631
"../../../../Program Files (x86)/UnrealProjects/Challenge48h-3-B/Challenge/Content/Chameleon/LUTs/LUT_Invert.uasset" 632
"../../../../Program Files (x86)/UnrealProjects/Challenge48h-3-B/Challenge/Content/Chameleon/LUTs/LUT_FakeHDR3.uasset" 633
"../../../../Program Files (x86)/UnrealProjects/Challenge48h-3-B/Challenge/Content/Chameleon/LUTs/LUT_FakeHDR2.uasset" 634
"../../../../Program Files (x86)/UnrealProjects/Challenge48h-3-B/Challenge/Content/Chameleon/LUTs/LUT_FakeHDR1.uasset" 635
"../../../../Program Files (x86)/UnrealProjects/Challenge48h-3-B/Challenge/Content/Chameleon/LUTs/LUT_Enhance9.uasset" 636
"../../../../Program Files (x86)/UnrealProjects/Challenge48h-3-B/Challenge/Content/Chameleon/LUTs/LUT_Enhance8.uasset" 637
"../../../../Program Files (x86)/UnrealProjects/Challenge48h-3-B/Challenge/Content/Chameleon/LUTs/LUT_Enhance7.uasset" 638
"../../../../Program Files (x86)/UnrealProjects/Challenge48h-3-B/Challenge/Content/Chameleon/LUTs/LUT_Enhance6.uasset" 639
"../../../../Program Files (x86)/UnrealProjects/Challenge48h-3-B/Challenge/Content/Chameleon/LUTs/LUT_Enhance5.uasset" 640
"../../../../Program Files (x86)/UnrealProjects/Challenge48h-3-B/Challenge/Content/Chameleon/LUTs/LUT_Enhance4.uasset" 641
"../../../../Program Files (x86)/UnrealProjects/Challenge48h-3-B/Challenge/Content/Chameleon/LUTs/LUT_Enhance3.uasset" 642
"../../../../Program Files (x86)/UnrealProjects/Challenge48h-3-B/Challenge/Content/Chameleon/LUTs/LUT_Enhance2.uasset" 643
"../../../../Program Files (x86)/UnrealProjects/Challenge48h-3-B/Challenge/Content/Chameleon/LUTs/LUT_Enhance10.uasset" 644
"../../../../Program Files (x86)/UnrealProjects/Challenge48h-3-B/Challenge/Content/Chameleon/LUTs/LUT_Enhance1.uasset" 645
"../../../../Program Files (x86)/UnrealProjects/Challenge48h-3-B/Challenge/Content/Chameleon/LUTs/LUT_Draw9.uasset" 646
"../../../../Program Files (x86)/UnrealProjects/Challenge48h-3-B/Challenge/Content/Chameleon/LUTs/LUT_Draw8.uasset" 647
"../../../../Program Files (x86)/UnrealProjects/Challenge48h-3-B/Challenge/Content/Chameleon/LUTs/LUT_Draw7.uasset" 648
"../../../../Program Files (x86)/UnrealProjects/Challenge48h-3-B/Challenge/Content/Chameleon/LUTs/LUT_Draw6.uasset" 649
"../../../../Program Files (x86)/UnrealProjects/Challenge48h-3-B/Challenge/Content/Chameleon/LUTs/LUT_Draw5.uasset" 650
"../../../../Program Files (x86)/UnrealProjects/Challenge48h-3-B/Challenge/Content/Chameleon/LUTs/LUT_Draw4.uasset" 651
"../../../../Program Files (x86)/UnrealProjects/Challenge48h-3-B/Challenge/Content/Chameleon/LUTs/LUT_Draw3.uasset" 652
"../../../../Program Files (x86)/UnrealProjects/Challenge48h-3-B/Challenge/Content/Chameleon/LUTs/LUT_Draw2.uasset" 653
"../../../../Program Files (x86)/UnrealProjects/Challenge48h-3-B/Challenge/Content/Chameleon/LUTs/LUT_Draw1.uasset" 654
"../../../../Program Files (x86)/UnrealProjects/Challenge48h-3-B/Challenge/Content/Chameleon/LUTs/LUT_Dark8.uasset" 655
"../../../../Program Files (x86)/UnrealProjects/Challenge48h-3-B/Challenge/Content/Chameleon/LUTs/LUT_Dark7.uasset" 656
"../../../../Program Files (x86)/UnrealProjects/Challenge48h-3-B/Challenge/Content/Chameleon/LUTs/LUT_Dark6.uasset" 657
"../../../../Program Files (x86)/UnrealProjects/Challenge48h-3-B/Challenge/Content/Chameleon/LUTs/LUT_Dark5.uasset" 658
"../../../../Program Files (x86)/UnrealProjects/Challenge48h-3-B/Challenge/Content/Chameleon/LUTs/LUT_Dark4.uasset" 659
"../../../../Program Files (x86)/UnrealProjects/Challenge48h-3-B/Challenge/Content/Chameleon/LUTs/LUT_Dark3.uasset" 660
"../../../../Program Files (x86)/UnrealProjects/Challenge48h-3-B/Challenge/Content/Chameleon/LUTs/LUT_Dark2.uasset" 661
"../../../../Program Files (x86)/UnrealProjects/Challenge48h-3-B/Challenge/Content/Chameleon/LUTs/LUT_Dark1.uasset" 662
"../../../../Program Files (x86)/UnrealProjects/Challenge48h-3-B/Challenge/Content/Chameleon/LUTs/LUT_Color6.uasset" 663
"../../../../Program Files (x86)/UnrealProjects/Challenge48h-3-B/Challenge/Content/Chameleon/LUTs/LUT_Color5.uasset" 664
"../../../../Program Files (x86)/UnrealProjects/Challenge48h-3-B/Challenge/Content/Chameleon/LUTs/LUT_Color4.uasset" 665
"../../../../Program Files (x86)/UnrealProjects/Challenge48h-3-B/Challenge/Content/Chameleon/LUTs/LUT_Color3.uasset" 666
"../../../../Program Files (x86)/UnrealProjects/Challenge48h-3-B/Challenge/Content/Chameleon/LUTs/LUT_Color2.uasset" 667
"../../../../Program Files (x86)/UnrealProjects/Challenge48h-3-B/Challenge/Content/Chameleon/LUTs/LUT_Color1.uasset" 668
"../../../../Program Files (x86)/UnrealProjects/Challenge48h-3-B/Challenge/Content/Chameleon/LUTs/LUT_CLayerYellow.uasset" 669
"../../../../Program Files (x86)/UnrealProjects/Challenge48h-3-B/Challenge/Content/Chameleon/LUTs/LUT_CLayerRed.uasset" 670
"../../../../Program Files (x86)/UnrealProjects/Challenge48h-3-B/Challenge/Content/Chameleon/LUTs/LUT_CLayerPurple.uasset" 671
"../../../../Program Files (x86)/UnrealProjects/Challenge48h-3-B/Challenge/Content/Chameleon/LUTs/LUT_CLayerOrange.uasset" 672
"../../../../Program Files (x86)/UnrealProjects/Challenge48h-3-B/Challenge/Content/Chameleon/LUTs/LUT_CLayerGreen.uasset" 673
"../../../../Program Files (x86)/UnrealProjects/Challenge48h-3-B/Challenge/Content/Chameleon/LUTs/LUT_CLayerBlue.uasset" 674
"../../../../Program Files (x86)/UnrealProjects/Challenge48h-3-B/Challenge/Content/Chameleon/LUTs/LUT_Classic9.uasset" 675
"../../../../Program Files (x86)/UnrealProjects/Challenge48h-3-B/Challenge/Content/Chameleon/LUTs/LUT_Classic8.uasset" 676
"../../../../Program Files (x86)/UnrealProjects/Challenge48h-3-B/Challenge/Content/Chameleon/LUTs/LUT_Classic7.uasset" 677
"../../../../Program Files (x86)/UnrealProjects/Challenge48h-3-B/Challenge/Content/Chameleon/LUTs/LUT_Classic6.uasset" 678
"../../../../Program Files (x86)/UnrealProjects/Challenge48h-3-B/Challenge/Content/Chameleon/LUTs/LUT_Classic5.uasset" 679
"../../../../Program Files (x86)/UnrealProjects/Challenge48h-3-B/Challenge/Content/Chameleon/LUTs/LUT_Classic4.uasset" 680
"../../../../Program Files (x86)/UnrealProjects/Challenge48h-3-B/Challenge/Content/Chameleon/LUTs/LUT_Classic3.uasset" 681
"../../../../Program Files (x86)/UnrealProjects/Challenge48h-3-B/Challenge/Content/Chameleon/LUTs/LUT_Classic2.uasset" 682
"../../../../Program Files (x86)/UnrealProjects/Challenge48h-3-B/Challenge/Content/Chameleon/LUTs/LUT_Classic14.uasset" 683
"../../../../Program Files (x86)/UnrealProjects/Challenge48h-3-B/Challenge/Content/Chameleon/LUTs/LUT_Classic13.uasset" 684
"../../../../Program Files (x86)/UnrealProjects/Challenge48h-3-B/Challenge/Content/Chameleon/LUTs/LUT_Classic12.uasset" 685
"../../../../Program Files (x86)/UnrealProjects/Challenge48h-3-B/Challenge/Content/Chameleon/LUTs/LUT_Classic11.uasset" 686
"../../../../Program Files (x86)/UnrealProjects/Challenge48h-3-B/Challenge/Content/Chameleon/LUTs/LUT_Classic10.uasset" 687
"../../../../Program Files (x86)/UnrealProjects/Challenge48h-3-B/Challenge/Content/Chameleon/LUTs/LUT_Classic1.uasset" 688
"../../../../Program Files (x86)/UnrealProjects/Challenge48h-3-B/Challenge/Content/Chameleon/LUTs/LUT_Bloom3.uasset" 689
"../../../../Program Files (x86)/UnrealProjects/Challenge48h-3-B/Challenge/Content/Chameleon/LUTs/LUT_Bloom2.uasset" 690
"../../../../Program Files (x86)/UnrealProjects/Challenge48h-3-B/Challenge/Content/Chameleon/LUTs/LUT_Bloom1.uasset" 691
"../../../../Program Files (x86)/UnrealProjects/Challenge48h-3-B/Challenge/Content/Chameleon/LUTs/LUT_Alienize6.uasset" 692
"../../../../Program Files (x86)/UnrealProjects/Challenge48h-3-B/Challenge/Content/Chameleon/LUTs/LUT_CLayerAqua.uasset" 693
"../../../../Program Files (x86)/UnrealProjects/Challenge48h-3-B/Challenge/Content/Chameleon/LUTs/LUT_Alienize5.uasset" 694
"../../../../Program Files (x86)/UnrealProjects/Challenge48h-3-B/Challenge/Content/Chameleon/LUTs/LUT_Alienize4.uasset" 695
"../../../../Program Files (x86)/UnrealProjects/Challenge48h-3-B/Challenge/Content/Chameleon/LUTs/LUT_Alienize3.uasset" 696
"../../../../Program Files (x86)/UnrealProjects/Challenge48h-3-B/Challenge/Content/Chameleon/LUTs/LUT_Alienize2.uasset" 697
"../../../../Program Files (x86)/UnrealProjects/Challenge48h-3-B/Challenge/Content/Chameleon/LUTs/LUT_Alienize1.uasset" 698
"../../../../Program Files (x86)/UnrealProjects/Challenge48h-3-B/Challenge/Content/Chameleon/DataTables/LOOK_Presets.uasset" 699
"../../../../Program Files (x86)/UnrealProjects/Challenge48h-3-B/Challenge/Content/Chameleon/Curves/C_DistanceToSizeLogo.uasset" 700
"../../../../Program Files (x86)/UnrealProjects/Challenge48h-3-B/Challenge/Content/Chameleon/Structures/AdvancedEffectFeaturesNoCustomDepth.uasset" 701
"../../../../Program Files (x86)/UnrealProjects/Challenge48h-3-B/Challenge/Content/Chameleon/Structures/AdvancedEffectFeatures.uasset" 702
"../../../Engine/Content/EditorBlueprintResources/StandardMacros.uasset" 703
"../../../../Program Files (x86)/UnrealProjects/Challenge48h-3-B/Challenge/Content/Chameleon/Chameleon.uasset" 704
"../../../../Program Files (x86)/UnrealProjects/Challenge48h-3-B/Challenge/Content/GoodSky/Source/Textures/T_GoodSky_clouds_D.uasset" 705
"../../../../Program Files (x86)/UnrealProjects/Challenge48h-3-B/Challenge/Content/GoodSky/Source/Textures/T_GoodSky_clouds_C.uasset" 706
"../../../../Program Files (x86)/UnrealProjects/Challenge48h-3-B/Challenge/Content/GoodSky/Source/Materials/M_GoodSky_Base.uasset" 707
"../../../../Program Files (x86)/UnrealProjects/Challenge48h-3-B/Challenge/Content/GoodSky/Source/Mesh/SM_GoodSky_Sphere.uasset" 708
"../../../../Program Files (x86)/UnrealProjects/Challenge48h-3-B/Challenge/Content/GoodSky/Source/Mesh/SM_GoodSky_Hemisphere.uasset" 709
"../../../../Program Files (x86)/UnrealProjects/Challenge48h-3-B/Challenge/Content/GoodSky/Source/Data/Enum/Enum_GoodSky_Style_Clouds.uasset" 710
"../../../../Program Files (x86)/UnrealProjects/Challenge48h-3-B/Challenge/Content/GoodSky/Source/Data/Enum/Enum_GoodSky_Preset.uasset" 711
"../../../../Program Files (x86)/UnrealProjects/Challenge48h-3-B/Challenge/Content/GoodSky/Source/Data/Enum/Enum_GoodSky_Effects.uasset" 712
"../../../../Program Files (x86)/UnrealProjects/Challenge48h-3-B/Challenge/Content/GoodSky/Source/Data/Enum/Enum_GoodSky_Clouds_Coverage.uasset" 713
"../../../../Program Files (x86)/UnrealProjects/Challenge48h-3-B/Challenge/Content/GoodSky/Source/ArrowTool/M_GoodSky_Sun_Emissive.uasset" 714
"../../../../Program Files (x86)/UnrealProjects/Challenge48h-3-B/Challenge/Content/GoodSky/Source/ArrowTool/SM_GoodSky_StarMesh.uasset" 715
"../../../../Program Files (x86)/UnrealProjects/Challenge48h-3-B/Challenge/Content/GoodSky/Source/Textures/T_GoodSky_Stars.uasset" 716
"../../../../Program Files (x86)/UnrealProjects/Challenge48h-3-B/Challenge/Content/GoodSky/Source/Textures/T_GoodSky_Moon.uasset" 717
"../../../../Program Files (x86)/UnrealProjects/Challenge48h-3-B/Challenge/Content/GoodSky/Source/Materials/Material_Function/MF_GoodSky_Moon_Setting.uasset" 718
"../../../../Program Files (x86)/UnrealProjects/Challenge48h-3-B/Challenge/Content/GoodSky/Source/Materials/M_GoodSky_Sun_Stars_Moon.uasset" 719
"../../../../Program Files (x86)/UnrealProjects/Challenge48h-3-B/Challenge/Content/GoodSky/Source/Materials/M_GoodSky_Sun_Stars.uasset" 720
"../../../../Program Files (x86)/UnrealProjects/Challenge48h-3-B/Challenge/Content/GoodSky/Source/Materials/M_GoodSky_Moon.uasset" 721
"../../../../Program Files (x86)/UnrealProjects/Challenge48h-3-B/Challenge/Content/GoodSky/Source/ArrowTool/T_GoodSky_SkyRing.uasset" 722
"../../../../Program Files (x86)/UnrealProjects/Challenge48h-3-B/Challenge/Content/GoodSky/Source/ArrowTool/M_GoodSky_SkyRing_.uasset" 723
"../../../../Program Files (x86)/UnrealProjects/Challenge48h-3-B/Challenge/Content/GoodSky/Source/Data/Structure/Structure_GoodSky.uasset" 724
"../../../../Program Files (x86)/UnrealProjects/Challenge48h-3-B/Challenge/Content/GoodSky/Source/Data/DataTable/DataTable_GoodSky.uasset" 725
"../../../../Program Files (x86)/UnrealProjects/Challenge48h-3-B/Challenge/Content/GoodSky/Source/Data/Curve/Curve_GoodSky_SunDirection_Vector1.uasset" 726
"../../../../Program Files (x86)/UnrealProjects/Challenge48h-3-B/Challenge/Content/GoodSky/Source/Data/Curve/Curve_GoodSky_SunDirection_Vector.uasset" 727
"../../../../Program Files (x86)/UnrealProjects/Challenge48h-3-B/Challenge/Content/GoodSky/Source/Data/Curve/Curve_GoodSky_horizon_Color.uasset" 728
"../../../../Program Files (x86)/UnrealProjects/Challenge48h-3-B/Challenge/Content/GoodSky/Source/Data/Curve/Curve_GoodSky_DomeColor.uasset" 729
"../../../../Program Files (x86)/UnrealProjects/Challenge48h-3-B/Challenge/Content/GoodSky/Source/Data/Enum/Enum_GoodSky_MeshType.uasset" 730
"../../../../Program Files (x86)/UnrealProjects/Challenge48h-3-B/Challenge/Content/GoodSky/Source/Data/Curve/Curve_GoodSky_BaseCloudColor.uasset" 731
"../../../../Program Files (x86)/UnrealProjects/Challenge48h-3-B/Challenge/Content/GoodSky/Source/Data/Curve/Curve_GoodSky_AllOverlayColor.uasset" 732
"../../../../Program Files (x86)/UnrealProjects/Challenge48h-3-B/Challenge/Content/GoodSky/Source/Data/Curve/Curve_GoodSky_SunLight.uasset" 733
"../../../../Program Files (x86)/UnrealProjects/Challenge48h-3-B/Challenge/Content/GoodSky/Source/Data/Curve/Curve_GoodSky_Stars.uasset" 734
"../../../Engine/Content/BasicShapes/Sphere.uasset" 735
"../../../Engine/Content/BasicShapes/Plane.uasset" 736
"../../../../Program Files (x86)/UnrealProjects/Challenge48h-3-B/Challenge/Content/GoodSky/Blueprint/BP_GoodSky.uasset" 737
"../../../../Program Files (x86)/UnrealProjects/Challenge48h-3-B/Challenge/Content/Map/Meshes/ArenaMeteor/Shock_wave/ShockWave_Export_Anim_Caillou_OcclusionRoughnessMetallic.uasset" 738
"../../../../Program Files (x86)/UnrealProjects/Challenge48h-3-B/Challenge/Content/Map/Meshes/ArenaMeteor/Shock_wave/ShockWave_Export_Anim_Caillou_Normal.uasset" 739
"../../../../Program Files (x86)/UnrealProjects/Challenge48h-3-B/Challenge/Content/Map/Meshes/ArenaMeteor/Shock_wave/ShockWave_Export_Anim_Caillou_BaseColor.uasset" 740
"../../../../Program Files (x86)/UnrealProjects/Challenge48h-3-B/Challenge/Content/Map/Meshes/ArenaMeteor/Caillou1.uasset" 741
"../../../../Program Files (x86)/UnrealProjects/Challenge48h-3-B/Challenge/Content/Map/Meshes/ArenaMeteor/ShockWave_Export_Anim_PhysicsAsset.uasset" 742
"../../../../Program Files (x86)/UnrealProjects/Challenge48h-3-B/Challenge/Content/Map/Meshes/ArenaMeteor/ShockWave_Export_Anim.uasset" 743
"../../../../Program Files (x86)/UnrealProjects/Challenge48h-3-B/Challenge/Content/Map/Arena_BuiltData.uasset" 744
"../../../../Program Files (x86)/UnrealProjects/Challenge48h-3-B/Challenge/Content/Map/Meshes/ArenaMeteor/Meteor_Export_Anim_PhysicsAsset.uasset" 745
"../../../../Program Files (x86)/UnrealProjects/Challenge48h-3-B/Challenge/Content/Map/Meshes/ArenaMeteor/Meteor/Meteor_Export_Anim_Caillou_OcclusionRoughnessMetallic.uasset" 746
"../../../../Program Files (x86)/UnrealProjects/Challenge48h-3-B/Challenge/Content/Map/Meshes/ArenaMeteor/Meteor/Meteor_Export_Anim_Caillou_Normal.uasset" 747
"../../../../Program Files (x86)/UnrealProjects/Challenge48h-3-B/Challenge/Content/Map/Meshes/ArenaMeteor/Meteor/Meteor_Export_Anim_Caillou_BaseColor.uasset" 748
"../../../../Program Files (x86)/UnrealProjects/Challenge48h-3-B/Challenge/Content/Map/Meshes/ArenaMeteor/Caillou.uasset" 749
"../../../../Program Files (x86)/UnrealProjects/Challenge48h-3-B/Challenge/Content/Map/Meshes/ArenaMeteor/Meteor_Export_Anim.uasset" 750
"../../../../Program Files (x86)/UnrealProjects/Challenge48h-3-B/Challenge/Content/Map/Arena.umap" 751
"../../../Engine/Content/Maps/Entry_BuiltData.uasset" 752
"../../../Engine/Content/Maps/Entry.umap" 753
